{"/Users/kenwatanabe/Projects/DeckBuildingDigDug/src/Bullet.ts": {"path":"/Users/kenwatanabe/Projects/DeckBuildingDigDug/src/Bullet.ts","statementMap":{"0":{"start":{"line":10,"column":27},"end":{"line":10,"column":null}},"1":{"start":{"line":22,"column":4},"end":{"line":22,"column":null}},"2":{"start":{"line":23,"column":4},"end":{"line":23,"column":null}},"3":{"start":{"line":24,"column":4},"end":{"line":24,"column":null}},"4":{"start":{"line":25,"column":4},"end":{"line":25,"column":null}},"5":{"start":{"line":28,"column":19},"end":{"line":28,"column":null}},"6":{"start":{"line":29,"column":4},"end":{"line":29,"column":null}},"7":{"start":{"line":30,"column":4},"end":{"line":30,"column":null}},"8":{"start":{"line":32,"column":4},"end":{"line":32,"column":null}},"9":{"start":{"line":33,"column":4},"end":{"line":33,"column":null}},"10":{"start":{"line":34,"column":4},"end":{"line":34,"column":null}},"11":{"start":{"line":38,"column":4},"end":{"line":38,"column":null}},"12":{"start":{"line":41,"column":4},"end":{"line":41,"column":null}},"13":{"start":{"line":42,"column":4},"end":{"line":42,"column":null}},"14":{"start":{"line":45,"column":4},"end":{"line":45,"column":null}},"15":{"start":{"line":46,"column":4},"end":{"line":46,"column":null}},"16":{"start":{"line":49,"column":4},"end":{"line":49,"column":null}},"17":{"start":{"line":50,"column":4},"end":{"line":50,"column":null}},"18":{"start":{"line":53,"column":4},"end":{"line":56,"column":null}},"19":{"start":{"line":54,"column":6},"end":{"line":54,"column":null}},"20":{"start":{"line":55,"column":6},"end":{"line":55,"column":null}},"21":{"start":{"line":60,"column":4},"end":{"line":60,"column":null}},"22":{"start":{"line":61,"column":4},"end":{"line":61,"column":null}},"23":{"start":{"line":65,"column":4},"end":{"line":65,"column":null}},"24":{"start":{"line":66,"column":4},"end":{"line":66,"column":null}},"25":{"start":{"line":67,"column":4},"end":{"line":67,"column":null}},"26":{"start":{"line":71,"column":4},"end":{"line":71,"column":null}},"27":{"start":{"line":72,"column":4},"end":{"line":72,"column":null}}},"fnMap":{"0":{"name":"(anonymous_0)","decl":{"start":{"line":14,"column":2},"end":{"line":14,"column":null}},"loc":{"start":{"line":21,"column":4},"end":{"line":35,"column":null}},"line":21},"1":{"name":"(anonymous_1)","decl":{"start":{"line":37,"column":10},"end":{"line":37,"column":23}},"loc":{"start":{"line":37,"column":23},"end":{"line":57,"column":null}},"line":37},"2":{"name":"(anonymous_2)","decl":{"start":{"line":59,"column":10},"end":{"line":59,"column":33}},"loc":{"start":{"line":59,"column":33},"end":{"line":62,"column":null}},"line":59},"3":{"name":"(anonymous_3)","decl":{"start":{"line":64,"column":2},"end":{"line":64,"column":9}},"loc":{"start":{"line":64,"column":34},"end":{"line":68,"column":null}},"line":64},"4":{"name":"(anonymous_4)","decl":{"start":{"line":70,"column":2},"end":{"line":70,"column":18}},"loc":{"start":{"line":70,"column":18},"end":{"line":73,"column":null}},"line":70}},"branchMap":{"0":{"loc":{"start":{"line":19,"column":4},"end":{"line":19,"column":null}},"type":"default-arg","locations":[{"start":{"line":19,"column":19},"end":{"line":19,"column":null}}],"line":19},"1":{"loc":{"start":{"line":20,"column":4},"end":{"line":20,"column":null}},"type":"default-arg","locations":[{"start":{"line":20,"column":26},"end":{"line":20,"column":null}}],"line":20},"2":{"loc":{"start":{"line":53,"column":4},"end":{"line":56,"column":null}},"type":"if","locations":[{"start":{"line":53,"column":4},"end":{"line":56,"column":null}},{"start":{},"end":{}}],"line":53}},"s":{"0":0,"1":0,"2":0,"3":0,"4":0,"5":0,"6":0,"7":0,"8":0,"9":0,"10":0,"11":0,"12":0,"13":0,"14":0,"15":0,"16":0,"17":0,"18":0,"19":0,"20":0,"21":0,"22":0,"23":0,"24":0,"25":0,"26":0,"27":0},"f":{"0":0,"1":0,"2":0,"3":0,"4":0},"b":{"0":[0],"1":[0],"2":[0,0]},"meta":{"lastBranch":3,"lastFunction":5,"lastStatement":28,"seen":{"s:10:27:10:Infinity":0,"f:14:2:14:Infinity":0,"b:19:19:19:Infinity":0,"b:20:26:20:Infinity":1,"s:22:4:22:Infinity":1,"s:23:4:23:Infinity":2,"s:24:4:24:Infinity":3,"s:25:4:25:Infinity":4,"s:28:19:28:Infinity":5,"s:29:4:29:Infinity":6,"s:30:4:30:Infinity":7,"s:32:4:32:Infinity":8,"s:33:4:33:Infinity":9,"s:34:4:34:Infinity":10,"f:37:10:37:23":1,"s:38:4:38:Infinity":11,"s:41:4:41:Infinity":12,"s:42:4:42:Infinity":13,"s:45:4:45:Infinity":14,"s:46:4:46:Infinity":15,"s:49:4:49:Infinity":16,"s:50:4:50:Infinity":17,"b:53:4:56:Infinity:undefined:undefined:undefined:undefined":2,"s:53:4:56:Infinity":18,"s:54:6:54:Infinity":19,"s:55:6:55:Infinity":20,"f:59:10:59:33":2,"s:60:4:60:Infinity":21,"s:61:4:61:Infinity":22,"f:64:2:64:9":3,"s:65:4:65:Infinity":23,"s:66:4:66:Infinity":24,"s:67:4:67:Infinity":25,"f:70:2:70:18":4,"s:71:4:71:Infinity":26,"s:72:4:72:Infinity":27}}}
,"/Users/kenwatanabe/Projects/DeckBuildingDigDug/src/BulletManager.ts": {"path":"/Users/kenwatanabe/Projects/DeckBuildingDigDug/src/BulletManager.ts","statementMap":{"0":{"start":{"line":17,"column":30},"end":{"line":17,"column":null}},"1":{"start":{"line":22,"column":46},"end":{"line":22,"column":null}},"2":{"start":{"line":23,"column":33},"end":{"line":23,"column":null}},"3":{"start":{"line":24,"column":84},"end":{"line":24,"column":null}},"4":{"start":{"line":32,"column":4},"end":{"line":32,"column":null}},"5":{"start":{"line":33,"column":4},"end":{"line":33,"column":null}},"6":{"start":{"line":34,"column":4},"end":{"line":34,"column":null}},"7":{"start":{"line":35,"column":4},"end":{"line":35,"column":null}},"8":{"start":{"line":36,"column":4},"end":{"line":36,"column":null}},"9":{"start":{"line":40,"column":4},"end":{"line":40,"column":null}},"10":{"start":{"line":44,"column":4},"end":{"line":44,"column":null}},"11":{"start":{"line":49,"column":4},"end":{"line":49,"column":null}},"12":{"start":{"line":51,"column":4},"end":{"line":54,"column":null}},"13":{"start":{"line":52,"column":6},"end":{"line":52,"column":null}},"14":{"start":{"line":53,"column":6},"end":{"line":53,"column":null}},"15":{"start":{"line":57,"column":4},"end":{"line":114,"column":null}},"16":{"start":{"line":57,"column":17},"end":{"line":57,"column":42}},"17":{"start":{"line":58,"column":21},"end":{"line":58,"column":null}},"18":{"start":{"line":59,"column":6},"end":{"line":59,"column":null}},"19":{"start":{"line":62,"column":6},"end":{"line":75,"column":null}},"20":{"start":{"line":63,"column":23},"end":{"line":63,"column":null}},"21":{"start":{"line":64,"column":29},"end":{"line":64,"column":null}},"22":{"start":{"line":65,"column":25},"end":{"line":70,"column":null}},"23":{"start":{"line":71,"column":8},"end":{"line":74,"column":null}},"24":{"start":{"line":72,"column":10},"end":{"line":72,"column":null}},"25":{"start":{"line":73,"column":10},"end":{"line":73,"column":null}},"26":{"start":{"line":78,"column":20},"end":{"line":78,"column":null}},"27":{"start":{"line":79,"column":20},"end":{"line":79,"column":null}},"28":{"start":{"line":81,"column":19},"end":{"line":81,"column":null}},"29":{"start":{"line":82,"column":6},"end":{"line":103,"column":null}},"30":{"start":{"line":84,"column":26},"end":{"line":84,"column":null}},"31":{"start":{"line":87,"column":26},"end":{"line":87,"column":null}},"32":{"start":{"line":89,"column":8},"end":{"line":94,"column":null}},"33":{"start":{"line":91,"column":16},"end":{"line":91,"column":null}},"34":{"start":{"line":92,"column":16},"end":{"line":92,"column":null}},"35":{"start":{"line":93,"column":10},"end":{"line":93,"column":null}},"36":{"start":{"line":97,"column":8},"end":{"line":97,"column":null}},"37":{"start":{"line":98,"column":8},"end":{"line":102,"column":null}},"38":{"start":{"line":100,"column":10},"end":{"line":100,"column":null}},"39":{"start":{"line":101,"column":10},"end":{"line":101,"column":null}},"40":{"start":{"line":106,"column":6},"end":{"line":113,"column":null}},"41":{"start":{"line":112,"column":8},"end":{"line":112,"column":null}},"42":{"start":{"line":119,"column":24},"end":{"line":119,"column":null}},"43":{"start":{"line":120,"column":24},"end":{"line":120,"column":null}},"44":{"start":{"line":122,"column":17},"end":{"line":122,"column":null}},"45":{"start":{"line":123,"column":17},"end":{"line":123,"column":null}},"46":{"start":{"line":126,"column":4},"end":{"line":126,"column":null}},"47":{"start":{"line":126,"column":50},"end":{"line":126,"column":null}},"48":{"start":{"line":129,"column":10},"end":{"line":133,"column":null}},"49":{"start":{"line":136,"column":4},"end":{"line":147,"column":null}},"50":{"start":{"line":137,"column":21},"end":{"line":144,"column":null}},"51":{"start":{"line":145,"column":6},"end":{"line":145,"column":null}},"52":{"start":{"line":146,"column":6},"end":{"line":146,"column":null}},"53":{"start":{"line":151,"column":19},"end":{"line":151,"column":null}},"54":{"start":{"line":152,"column":4},"end":{"line":152,"column":null}},"55":{"start":{"line":153,"column":4},"end":{"line":153,"column":null}},"56":{"start":{"line":154,"column":4},"end":{"line":154,"column":null}},"57":{"start":{"line":158,"column":4},"end":{"line":161,"column":null}},"58":{"start":{"line":159,"column":6},"end":{"line":159,"column":null}},"59":{"start":{"line":160,"column":6},"end":{"line":160,"column":null}},"60":{"start":{"line":162,"column":4},"end":{"line":162,"column":null}},"61":{"start":{"line":163,"column":4},"end":{"line":163,"column":null}}},"fnMap":{"0":{"name":"(anonymous_0)","decl":{"start":{"line":26,"column":2},"end":{"line":26,"column":null}},"loc":{"start":{"line":31,"column":4},"end":{"line":37,"column":null}},"line":31},"1":{"name":"(anonymous_1)","decl":{"start":{"line":39,"column":2},"end":{"line":39,"column":18}},"loc":{"start":{"line":39,"column":52},"end":{"line":41,"column":null}},"line":39},"2":{"name":"(anonymous_2)","decl":{"start":{"line":43,"column":2},"end":{"line":43,"column":21}},"loc":{"start":{"line":43,"column":84},"end":{"line":45,"column":null}},"line":43},"3":{"name":"(anonymous_3)","decl":{"start":{"line":47,"column":2},"end":{"line":47,"column":9}},"loc":{"start":{"line":47,"column":68},"end":{"line":115,"column":null}},"line":47},"4":{"name":"(anonymous_4)","decl":{"start":{"line":117,"column":10},"end":{"line":117,"column":15}},"loc":{"start":{"line":117,"column":55},"end":{"line":148,"column":null}},"line":117},"5":{"name":"(anonymous_5)","decl":{"start":{"line":150,"column":10},"end":{"line":150,"column":23}},"loc":{"start":{"line":150,"column":44},"end":{"line":155,"column":null}},"line":150},"6":{"name":"(anonymous_6)","decl":{"start":{"line":157,"column":2},"end":{"line":157,"column":16}},"loc":{"start":{"line":157,"column":16},"end":{"line":164,"column":null}},"line":157}},"branchMap":{"0":{"loc":{"start":{"line":51,"column":4},"end":{"line":54,"column":null}},"type":"if","locations":[{"start":{"line":51,"column":4},"end":{"line":54,"column":null}},{"start":{},"end":{}}],"line":51},"1":{"loc":{"start":{"line":51,"column":8},"end":{"line":51,"column":65}},"type":"binary-expr","locations":[{"start":{"line":51,"column":8},"end":{"line":51,"column":41}},{"start":{"line":51,"column":41},"end":{"line":51,"column":65}}],"line":51},"2":{"loc":{"start":{"line":62,"column":6},"end":{"line":75,"column":null}},"type":"if","locations":[{"start":{"line":62,"column":6},"end":{"line":75,"column":null}},{"start":{},"end":{}}],"line":62},"3":{"loc":{"start":{"line":71,"column":8},"end":{"line":74,"column":null}},"type":"if","locations":[{"start":{"line":71,"column":8},"end":{"line":74,"column":null}},{"start":{},"end":{}}],"line":71},"4":{"loc":{"start":{"line":82,"column":6},"end":{"line":103,"column":null}},"type":"if","locations":[{"start":{"line":82,"column":6},"end":{"line":103,"column":null}},{"start":{},"end":{}}],"line":82},"5":{"loc":{"start":{"line":89,"column":8},"end":{"line":94,"column":null}},"type":"if","locations":[{"start":{"line":89,"column":8},"end":{"line":94,"column":null}},{"start":{},"end":{}}],"line":89},"6":{"loc":{"start":{"line":89,"column":12},"end":{"line":89,"column":69}},"type":"binary-expr","locations":[{"start":{"line":89,"column":12},"end":{"line":89,"column":25}},{"start":{"line":89,"column":25},"end":{"line":89,"column":49}},{"start":{"line":89,"column":49},"end":{"line":89,"column":69}}],"line":89},"7":{"loc":{"start":{"line":98,"column":8},"end":{"line":102,"column":null}},"type":"if","locations":[{"start":{"line":98,"column":8},"end":{"line":102,"column":null}},{"start":{},"end":{}}],"line":98},"8":{"loc":{"start":{"line":106,"column":6},"end":{"line":113,"column":null}},"type":"if","locations":[{"start":{"line":106,"column":6},"end":{"line":113,"column":null}},{"start":{},"end":{}}],"line":106},"9":{"loc":{"start":{"line":107,"column":8},"end":{"line":110,"column":null}},"type":"binary-expr","locations":[{"start":{"line":107,"column":8},"end":{"line":107,"column":null}},{"start":{"line":108,"column":8},"end":{"line":108,"column":null}},{"start":{"line":109,"column":8},"end":{"line":109,"column":null}},{"start":{"line":110,"column":8},"end":{"line":110,"column":null}}],"line":107},"10":{"loc":{"start":{"line":126,"column":4},"end":{"line":126,"column":null}},"type":"if","locations":[{"start":{"line":126,"column":4},"end":{"line":126,"column":null}},{"start":{},"end":{}}],"line":126},"11":{"loc":{"start":{"line":126,"column":8},"end":{"line":126,"column":50}},"type":"binary-expr","locations":[{"start":{"line":126,"column":8},"end":{"line":126,"column":30}},{"start":{"line":126,"column":30},"end":{"line":126,"column":50}}],"line":126}},"s":{"0":0,"1":0,"2":0,"3":0,"4":0,"5":0,"6":0,"7":0,"8":0,"9":0,"10":0,"11":0,"12":0,"13":0,"14":0,"15":0,"16":0,"17":0,"18":0,"19":0,"20":0,"21":0,"22":0,"23":0,"24":0,"25":0,"26":0,"27":0,"28":0,"29":0,"30":0,"31":0,"32":0,"33":0,"34":0,"35":0,"36":0,"37":0,"38":0,"39":0,"40":0,"41":0,"42":0,"43":0,"44":0,"45":0,"46":0,"47":0,"48":0,"49":0,"50":0,"51":0,"52":0,"53":0,"54":0,"55":0,"56":0,"57":0,"58":0,"59":0,"60":0,"61":0},"f":{"0":0,"1":0,"2":0,"3":0,"4":0,"5":0,"6":0},"b":{"0":[0,0],"1":[0,0],"2":[0,0],"3":[0,0],"4":[0,0],"5":[0,0],"6":[0,0,0],"7":[0,0],"8":[0,0],"9":[0,0,0,0],"10":[0,0],"11":[0,0]},"meta":{"lastBranch":12,"lastFunction":7,"lastStatement":62,"seen":{"s:17:30:17:Infinity":0,"s:22:46:22:Infinity":1,"s:23:33:23:Infinity":2,"s:24:84:24:Infinity":3,"f:26:2:26:Infinity":0,"s:32:4:32:Infinity":4,"s:33:4:33:Infinity":5,"s:34:4:34:Infinity":6,"s:35:4:35:Infinity":7,"s:36:4:36:Infinity":8,"f:39:2:39:18":1,"s:40:4:40:Infinity":9,"f:43:2:43:21":2,"s:44:4:44:Infinity":10,"f:47:2:47:9":3,"s:49:4:49:Infinity":11,"b:51:4:54:Infinity:undefined:undefined:undefined:undefined":0,"s:51:4:54:Infinity":12,"b:51:8:51:41:51:41:51:65":1,"s:52:6:52:Infinity":13,"s:53:6:53:Infinity":14,"s:57:4:114:Infinity":15,"s:57:17:57:42":16,"s:58:21:58:Infinity":17,"s:59:6:59:Infinity":18,"b:62:6:75:Infinity:undefined:undefined:undefined:undefined":2,"s:62:6:75:Infinity":19,"s:63:23:63:Infinity":20,"s:64:29:64:Infinity":21,"s:65:25:70:Infinity":22,"b:71:8:74:Infinity:undefined:undefined:undefined:undefined":3,"s:71:8:74:Infinity":23,"s:72:10:72:Infinity":24,"s:73:10:73:Infinity":25,"s:78:20:78:Infinity":26,"s:79:20:79:Infinity":27,"s:81:19:81:Infinity":28,"b:82:6:103:Infinity:undefined:undefined:undefined:undefined":4,"s:82:6:103:Infinity":29,"s:84:26:84:Infinity":30,"s:87:26:87:Infinity":31,"b:89:8:94:Infinity:undefined:undefined:undefined:undefined":5,"s:89:8:94:Infinity":32,"b:89:12:89:25:89:25:89:49:89:49:89:69":6,"s:91:16:91:Infinity":33,"s:92:16:92:Infinity":34,"s:93:10:93:Infinity":35,"s:97:8:97:Infinity":36,"b:98:8:102:Infinity:undefined:undefined:undefined:undefined":7,"s:98:8:102:Infinity":37,"s:100:10:100:Infinity":38,"s:101:10:101:Infinity":39,"b:106:6:113:Infinity:undefined:undefined:undefined:undefined":8,"s:106:6:113:Infinity":40,"b:107:8:107:Infinity:108:8:108:Infinity:109:8:109:Infinity:110:8:110:Infinity":9,"s:112:8:112:Infinity":41,"f:117:10:117:15":4,"s:119:24:119:Infinity":42,"s:120:24:120:Infinity":43,"s:122:17:122:Infinity":44,"s:123:17:123:Infinity":45,"b:126:4:126:Infinity:undefined:undefined:undefined:undefined":10,"s:126:4:126:Infinity":46,"b:126:8:126:30:126:30:126:50":11,"s:126:50:126:Infinity":47,"s:129:10:133:Infinity":48,"s:136:4:147:Infinity":49,"s:137:21:144:Infinity":50,"s:145:6:145:Infinity":51,"s:146:6:146:Infinity":52,"f:150:10:150:23":5,"s:151:19:151:Infinity":53,"s:152:4:152:Infinity":54,"s:153:4:153:Infinity":55,"s:154:4:154:Infinity":56,"f:157:2:157:16":6,"s:158:4:161:Infinity":57,"s:159:6:159:Infinity":58,"s:160:6:160:Infinity":59,"s:162:4:162:Infinity":60,"s:163:4:163:Infinity":61}}}
,"/Users/kenwatanabe/Projects/DeckBuildingDigDug/src/DebugWindow.ts": {"path":"/Users/kenwatanabe/Projects/DeckBuildingDigDug/src/DebugWindow.ts","statementMap":{"0":{"start":{"line":9,"column":35},"end":{"line":9,"column":null}},"1":{"start":{"line":10,"column":37},"end":{"line":10,"column":null}},"2":{"start":{"line":11,"column":32},"end":{"line":11,"column":null}},"3":{"start":{"line":12,"column":56},"end":{"line":12,"column":null}},"4":{"start":{"line":15,"column":34},"end":{"line":15,"column":null}},"5":{"start":{"line":16,"column":35},"end":{"line":16,"column":null}},"6":{"start":{"line":17,"column":32},"end":{"line":17,"column":null}},"7":{"start":{"line":18,"column":29},"end":{"line":18,"column":null}},"8":{"start":{"line":19,"column":33},"end":{"line":19,"column":null}},"9":{"start":{"line":22,"column":4},"end":{"line":22,"column":null}},"10":{"start":{"line":23,"column":4},"end":{"line":23,"column":null}},"11":{"start":{"line":24,"column":4},"end":{"line":24,"column":null}},"12":{"start":{"line":26,"column":4},"end":{"line":26,"column":null}},"13":{"start":{"line":27,"column":4},"end":{"line":27,"column":null}},"14":{"start":{"line":32,"column":4},"end":{"line":32,"column":null}},"15":{"start":{"line":33,"column":4},"end":{"line":33,"column":null}},"16":{"start":{"line":36,"column":4},"end":{"line":36,"column":null}},"17":{"start":{"line":37,"column":4},"end":{"line":37,"column":null}},"18":{"start":{"line":38,"column":4},"end":{"line":38,"column":null}},"19":{"start":{"line":39,"column":4},"end":{"line":39,"column":null}},"20":{"start":{"line":40,"column":4},"end":{"line":40,"column":null}},"21":{"start":{"line":43,"column":4},"end":{"line":51,"column":null}},"22":{"start":{"line":52,"column":4},"end":{"line":52,"column":null}},"23":{"start":{"line":53,"column":4},"end":{"line":53,"column":null}},"24":{"start":{"line":54,"column":4},"end":{"line":54,"column":null}},"25":{"start":{"line":57,"column":4},"end":{"line":57,"column":null}},"26":{"start":{"line":61,"column":21},"end":{"line":61,"column":null}},"27":{"start":{"line":62,"column":19},"end":{"line":62,"column":null}},"28":{"start":{"line":64,"column":4},"end":{"line":69,"column":null}},"29":{"start":{"line":64,"column":17},"end":{"line":64,"column":20}},"30":{"start":{"line":65,"column":19},"end":{"line":65,"column":null}},"31":{"start":{"line":66,"column":18},"end":{"line":66,"column":null}},"32":{"start":{"line":67,"column":6},"end":{"line":67,"column":null}},"33":{"start":{"line":68,"column":6},"end":{"line":68,"column":null}},"34":{"start":{"line":73,"column":16},"end":{"line":73,"column":null}},"35":{"start":{"line":74,"column":4},"end":{"line":74,"column":null}},"36":{"start":{"line":76,"column":17},"end":{"line":76,"column":null}},"37":{"start":{"line":79,"column":19},"end":{"line":79,"column":null}},"38":{"start":{"line":80,"column":4},"end":{"line":80,"column":null}},"39":{"start":{"line":81,"column":4},"end":{"line":81,"column":null}},"40":{"start":{"line":82,"column":4},"end":{"line":82,"column":null}},"41":{"start":{"line":83,"column":4},"end":{"line":83,"column":null}},"42":{"start":{"line":84,"column":4},"end":{"line":84,"column":null}},"43":{"start":{"line":87,"column":21},"end":{"line":94,"column":null}},"44":{"start":{"line":95,"column":4},"end":{"line":95,"column":null}},"45":{"start":{"line":96,"column":4},"end":{"line":96,"column":null}},"46":{"start":{"line":97,"column":4},"end":{"line":97,"column":null}},"47":{"start":{"line":98,"column":4},"end":{"line":98,"column":null}},"48":{"start":{"line":101,"column":21},"end":{"line":108,"column":null}},"49":{"start":{"line":109,"column":4},"end":{"line":109,"column":null}},"50":{"start":{"line":110,"column":4},"end":{"line":110,"column":null}},"51":{"start":{"line":111,"column":4},"end":{"line":111,"column":null}},"52":{"start":{"line":114,"column":22},"end":{"line":122,"column":null}},"53":{"start":{"line":123,"column":4},"end":{"line":123,"column":null}},"54":{"start":{"line":124,"column":4},"end":{"line":124,"column":null}},"55":{"start":{"line":125,"column":4},"end":{"line":125,"column":null}},"56":{"start":{"line":128,"column":5},"end":{"line":128,"column":null}},"57":{"start":{"line":129,"column":5},"end":{"line":129,"column":null}},"58":{"start":{"line":132,"column":21},"end":{"line":134,"column":null}},"59":{"start":{"line":133,"column":6},"end":{"line":133,"column":null}},"60":{"start":{"line":135,"column":4},"end":{"line":135,"column":null}},"61":{"start":{"line":138,"column":20},"end":{"line":140,"column":null}},"62":{"start":{"line":139,"column":6},"end":{"line":139,"column":null}},"63":{"start":{"line":141,"column":4},"end":{"line":141,"column":null}},"64":{"start":{"line":143,"column":4},"end":{"line":143,"column":null}},"65":{"start":{"line":147,"column":16},"end":{"line":147,"column":null}},"66":{"start":{"line":148,"column":4},"end":{"line":148,"column":null}},"67":{"start":{"line":149,"column":4},"end":{"line":149,"column":null}},"68":{"start":{"line":151,"column":15},"end":{"line":151,"column":null}},"69":{"start":{"line":152,"column":4},"end":{"line":152,"column":null}},"70":{"start":{"line":153,"column":4},"end":{"line":153,"column":null}},"71":{"start":{"line":154,"column":4},"end":{"line":154,"column":null}},"72":{"start":{"line":155,"column":4},"end":{"line":155,"column":null}},"73":{"start":{"line":156,"column":4},"end":{"line":156,"column":null}},"74":{"start":{"line":158,"column":17},"end":{"line":166,"column":null}},"75":{"start":{"line":167,"column":4},"end":{"line":167,"column":null}},"76":{"start":{"line":168,"column":4},"end":{"line":168,"column":null}},"77":{"start":{"line":169,"column":4},"end":{"line":169,"column":null}},"78":{"start":{"line":170,"column":4},"end":{"line":170,"column":null}},"79":{"start":{"line":173,"column":4},"end":{"line":173,"column":null}},"80":{"start":{"line":174,"column":4},"end":{"line":174,"column":null}},"81":{"start":{"line":175,"column":4},"end":{"line":175,"column":null}},"82":{"start":{"line":177,"column":4},"end":{"line":177,"column":null}},"83":{"start":{"line":181,"column":4},"end":{"line":181,"column":null}},"84":{"start":{"line":185,"column":4},"end":{"line":189,"column":null}},"85":{"start":{"line":186,"column":6},"end":{"line":186,"column":null}},"86":{"start":{"line":188,"column":6},"end":{"line":188,"column":null}},"87":{"start":{"line":193,"column":4},"end":{"line":193,"column":null}},"88":{"start":{"line":194,"column":4},"end":{"line":194,"column":null}},"89":{"start":{"line":195,"column":4},"end":{"line":195,"column":null}},"90":{"start":{"line":199,"column":4},"end":{"line":199,"column":null}},"91":{"start":{"line":200,"column":4},"end":{"line":200,"column":null}},"92":{"start":{"line":204,"column":4},"end":{"line":204,"column":null}},"93":{"start":{"line":208,"column":4},"end":{"line":208,"column":null}},"94":{"start":{"line":209,"column":4},"end":{"line":209,"column":null}},"95":{"start":{"line":210,"column":4},"end":{"line":210,"column":null}},"96":{"start":{"line":214,"column":19},"end":{"line":214,"column":null}},"97":{"start":{"line":215,"column":4},"end":{"line":215,"column":null}},"98":{"start":{"line":216,"column":4},"end":{"line":218,"column":null}},"99":{"start":{"line":217,"column":6},"end":{"line":217,"column":null}},"100":{"start":{"line":219,"column":4},"end":{"line":219,"column":null}},"101":{"start":{"line":223,"column":4},"end":{"line":225,"column":null}},"102":{"start":{"line":224,"column":6},"end":{"line":224,"column":null}},"103":{"start":{"line":229,"column":4},"end":{"line":229,"column":null}},"104":{"start":{"line":233,"column":4},"end":{"line":233,"column":null}},"105":{"start":{"line":237,"column":4},"end":{"line":242,"column":null}},"106":{"start":{"line":238,"column":23},"end":{"line":238,"column":null}},"107":{"start":{"line":239,"column":6},"end":{"line":241,"column":null}},"108":{"start":{"line":240,"column":8},"end":{"line":240,"column":null}},"109":{"start":{"line":246,"column":4},"end":{"line":248,"column":null}},"110":{"start":{"line":247,"column":6},"end":{"line":247,"column":null}},"111":{"start":{"line":249,"column":4},"end":{"line":249,"column":null}},"112":{"start":{"line":251,"column":4},"end":{"line":254,"column":null}},"113":{"start":{"line":252,"column":6},"end":{"line":252,"column":null}},"114":{"start":{"line":253,"column":6},"end":{"line":253,"column":null}},"115":{"start":{"line":256,"column":4},"end":{"line":256,"column":null}},"116":{"start":{"line":257,"column":4},"end":{"line":257,"column":null}}},"fnMap":{"0":{"name":"(anonymous_0)","decl":{"start":{"line":21,"column":2},"end":{"line":21,"column":14}},"loc":{"start":{"line":21,"column":40},"end":{"line":28,"column":null}},"line":21},"1":{"name":"(anonymous_1)","decl":{"start":{"line":30,"column":10},"end":{"line":30,"column":30}},"loc":{"start":{"line":30,"column":30},"end":{"line":58,"column":null}},"line":30},"2":{"name":"(anonymous_2)","decl":{"start":{"line":60,"column":10},"end":{"line":60,"column":36}},"loc":{"start":{"line":60,"column":36},"end":{"line":70,"column":null}},"line":60},"3":{"name":"(anonymous_3)","decl":{"start":{"line":72,"column":10},"end":{"line":72,"column":27}},"loc":{"start":{"line":72,"column":68},"end":{"line":144,"column":null}},"line":72},"4":{"name":"(anonymous_4)","decl":{"start":{"line":132,"column":86},"end":{"line":132,"column":92}},"loc":{"start":{"line":132,"column":92},"end":{"line":134,"column":5}},"line":132},"5":{"name":"(anonymous_5)","decl":{"start":{"line":138,"column":85},"end":{"line":138,"column":91}},"loc":{"start":{"line":138,"column":91},"end":{"line":140,"column":5}},"line":138},"6":{"name":"(anonymous_6)","decl":{"start":{"line":146,"column":10},"end":{"line":146,"column":23}},"loc":{"start":{"line":146,"column":92},"end":{"line":178,"column":null}},"line":146},"7":{"name":"(anonymous_7)","decl":{"start":{"line":180,"column":6},"end":{"line":180,"column":27}},"loc":{"start":{"line":180,"column":27},"end":{"line":182,"column":null}},"line":180},"8":{"name":"(anonymous_8)","decl":{"start":{"line":184,"column":2},"end":{"line":184,"column":17}},"loc":{"start":{"line":184,"column":17},"end":{"line":190,"column":null}},"line":184},"9":{"name":"(anonymous_9)","decl":{"start":{"line":192,"column":2},"end":{"line":192,"column":15}},"loc":{"start":{"line":192,"column":15},"end":{"line":196,"column":null}},"line":192},"10":{"name":"(anonymous_10)","decl":{"start":{"line":198,"column":2},"end":{"line":198,"column":15}},"loc":{"start":{"line":198,"column":15},"end":{"line":201,"column":null}},"line":198},"11":{"name":"(anonymous_11)","decl":{"start":{"line":203,"column":2},"end":{"line":203,"column":20}},"loc":{"start":{"line":203,"column":48},"end":{"line":205,"column":null}},"line":203},"12":{"name":"(anonymous_12)","decl":{"start":{"line":207,"column":2},"end":{"line":207,"column":19}},"loc":{"start":{"line":207,"column":44},"end":{"line":211,"column":null}},"line":207},"13":{"name":"(anonymous_13)","decl":{"start":{"line":213,"column":2},"end":{"line":213,"column":19}},"loc":{"start":{"line":213,"column":47},"end":{"line":220,"column":null}},"line":213},"14":{"name":"(anonymous_14)","decl":{"start":{"line":222,"column":10},"end":{"line":222,"column":37}},"loc":{"start":{"line":222,"column":37},"end":{"line":226,"column":null}},"line":222},"15":{"name":"(anonymous_15)","decl":{"start":{"line":228,"column":2},"end":{"line":228,"column":18}},"loc":{"start":{"line":228,"column":45},"end":{"line":230,"column":null}},"line":228},"16":{"name":"(anonymous_16)","decl":{"start":{"line":232,"column":2},"end":{"line":232,"column":38}},"loc":{"start":{"line":232,"column":38},"end":{"line":234,"column":null}},"line":232},"17":{"name":"(anonymous_17)","decl":{"start":{"line":236,"column":2},"end":{"line":236,"column":24}},"loc":{"start":{"line":236,"column":24},"end":{"line":243,"column":null}},"line":236},"18":{"name":"(anonymous_18)","decl":{"start":{"line":245,"column":2},"end":{"line":245,"column":18}},"loc":{"start":{"line":245,"column":18},"end":{"line":258,"column":null}},"line":245}},"branchMap":{"0":{"loc":{"start":{"line":185,"column":4},"end":{"line":189,"column":null}},"type":"if","locations":[{"start":{"line":185,"column":4},"end":{"line":189,"column":null}},{"start":{"line":187,"column":11},"end":{"line":189,"column":null}}],"line":185},"1":{"loc":{"start":{"line":216,"column":4},"end":{"line":218,"column":null}},"type":"if","locations":[{"start":{"line":216,"column":4},"end":{"line":218,"column":null}},{"start":{},"end":{}}],"line":216},"2":{"loc":{"start":{"line":223,"column":4},"end":{"line":225,"column":null}},"type":"if","locations":[{"start":{"line":223,"column":4},"end":{"line":225,"column":null}},{"start":{},"end":{}}],"line":223},"3":{"loc":{"start":{"line":239,"column":6},"end":{"line":241,"column":null}},"type":"if","locations":[{"start":{"line":239,"column":6},"end":{"line":241,"column":null}},{"start":{},"end":{}}],"line":239},"4":{"loc":{"start":{"line":239,"column":10},"end":{"line":239,"column":54}},"type":"binary-expr","locations":[{"start":{"line":239,"column":10},"end":{"line":239,"column":32}},{"start":{"line":239,"column":32},"end":{"line":239,"column":54}}],"line":239},"5":{"loc":{"start":{"line":251,"column":4},"end":{"line":254,"column":null}},"type":"if","locations":[{"start":{"line":251,"column":4},"end":{"line":254,"column":null}},{"start":{},"end":{}}],"line":251}},"s":{"0":24,"1":24,"2":24,"3":24,"4":24,"5":24,"6":24,"7":24,"8":24,"9":24,"10":24,"11":24,"12":24,"13":24,"14":24,"15":24,"16":24,"17":24,"18":24,"19":24,"20":24,"21":24,"22":24,"23":24,"24":24,"25":24,"26":24,"27":24,"28":24,"29":24,"30":216,"31":216,"32":216,"33":216,"34":216,"35":216,"36":216,"37":216,"38":216,"39":216,"40":216,"41":216,"42":216,"43":216,"44":216,"45":216,"46":216,"47":216,"48":216,"49":216,"50":216,"51":216,"52":216,"53":216,"54":216,"55":216,"56":216,"57":216,"58":216,"59":0,"60":216,"61":216,"62":0,"63":216,"64":216,"65":432,"66":432,"67":432,"68":432,"69":432,"70":432,"71":432,"72":432,"73":432,"74":432,"75":432,"76":432,"77":432,"78":432,"79":432,"80":432,"81":432,"82":432,"83":13,"84":6,"85":2,"86":4,"87":8,"88":8,"89":8,"90":5,"91":5,"92":2,"93":13,"94":13,"95":13,"96":5,"97":5,"98":5,"99":3,"100":5,"101":16,"102":2,"103":2,"104":25,"105":27,"106":243,"107":243,"108":243,"109":1,"110":9,"111":1,"112":1,"113":1,"114":1,"115":1,"116":1},"f":{"0":24,"1":24,"2":24,"3":216,"4":0,"5":0,"6":432,"7":13,"8":6,"9":8,"10":5,"11":2,"12":13,"13":5,"14":16,"15":2,"16":25,"17":27,"18":1},"b":{"0":[2,4],"1":[3,2],"2":[2,14],"3":[243,0],"4":[243,243],"5":[1,0]},"meta":{"lastBranch":6,"lastFunction":19,"lastStatement":117,"seen":{"s:9:35:9:Infinity":0,"s:10:37:10:Infinity":1,"s:11:32:11:Infinity":2,"s:12:56:12:Infinity":3,"s:15:34:15:Infinity":4,"s:16:35:16:Infinity":5,"s:17:32:17:Infinity":6,"s:18:29:18:Infinity":7,"s:19:33:19:Infinity":8,"f:21:2:21:14":0,"s:22:4:22:Infinity":9,"s:23:4:23:Infinity":10,"s:24:4:24:Infinity":11,"s:26:4:26:Infinity":12,"s:27:4:27:Infinity":13,"f:30:10:30:30":1,"s:32:4:32:Infinity":14,"s:33:4:33:Infinity":15,"s:36:4:36:Infinity":16,"s:37:4:37:Infinity":17,"s:38:4:38:Infinity":18,"s:39:4:39:Infinity":19,"s:40:4:40:Infinity":20,"s:43:4:51:Infinity":21,"s:52:4:52:Infinity":22,"s:53:4:53:Infinity":23,"s:54:4:54:Infinity":24,"s:57:4:57:Infinity":25,"f:60:10:60:36":2,"s:61:21:61:Infinity":26,"s:62:19:62:Infinity":27,"s:64:4:69:Infinity":28,"s:64:17:64:20":29,"s:65:19:65:Infinity":30,"s:66:18:66:Infinity":31,"s:67:6:67:Infinity":32,"s:68:6:68:Infinity":33,"f:72:10:72:27":3,"s:73:16:73:Infinity":34,"s:74:4:74:Infinity":35,"s:76:17:76:Infinity":36,"s:79:19:79:Infinity":37,"s:80:4:80:Infinity":38,"s:81:4:81:Infinity":39,"s:82:4:82:Infinity":40,"s:83:4:83:Infinity":41,"s:84:4:84:Infinity":42,"s:87:21:94:Infinity":43,"s:95:4:95:Infinity":44,"s:96:4:96:Infinity":45,"s:97:4:97:Infinity":46,"s:98:4:98:Infinity":47,"s:101:21:108:Infinity":48,"s:109:4:109:Infinity":49,"s:110:4:110:Infinity":50,"s:111:4:111:Infinity":51,"s:114:22:122:Infinity":52,"s:123:4:123:Infinity":53,"s:124:4:124:Infinity":54,"s:125:4:125:Infinity":55,"s:128:5:128:Infinity":56,"s:129:5:129:Infinity":57,"s:132:21:134:Infinity":58,"f:132:86:132:92":4,"s:133:6:133:Infinity":59,"s:135:4:135:Infinity":60,"s:138:20:140:Infinity":61,"f:138:85:138:91":5,"s:139:6:139:Infinity":62,"s:141:4:141:Infinity":63,"s:143:4:143:Infinity":64,"f:146:10:146:23":6,"s:147:16:147:Infinity":65,"s:148:4:148:Infinity":66,"s:149:4:149:Infinity":67,"s:151:15:151:Infinity":68,"s:152:4:152:Infinity":69,"s:153:4:153:Infinity":70,"s:154:4:154:Infinity":71,"s:155:4:155:Infinity":72,"s:156:4:156:Infinity":73,"s:158:17:166:Infinity":74,"s:167:4:167:Infinity":75,"s:168:4:168:Infinity":76,"s:169:4:169:Infinity":77,"s:170:4:170:Infinity":78,"s:173:4:173:Infinity":79,"s:174:4:174:Infinity":80,"s:175:4:175:Infinity":81,"s:177:4:177:Infinity":82,"f:180:6:180:27":7,"s:181:4:181:Infinity":83,"f:184:2:184:17":8,"b:185:4:189:Infinity:187:11:189:Infinity":0,"s:185:4:189:Infinity":84,"s:186:6:186:Infinity":85,"s:188:6:188:Infinity":86,"f:192:2:192:15":9,"s:193:4:193:Infinity":87,"s:194:4:194:Infinity":88,"s:195:4:195:Infinity":89,"f:198:2:198:15":10,"s:199:4:199:Infinity":90,"s:200:4:200:Infinity":91,"f:203:2:203:20":11,"s:204:4:204:Infinity":92,"f:207:2:207:19":12,"s:208:4:208:Infinity":93,"s:209:4:209:Infinity":94,"s:210:4:210:Infinity":95,"f:213:2:213:19":13,"s:214:19:214:Infinity":96,"s:215:4:215:Infinity":97,"b:216:4:218:Infinity:undefined:undefined:undefined:undefined":1,"s:216:4:218:Infinity":98,"s:217:6:217:Infinity":99,"s:219:4:219:Infinity":100,"f:222:10:222:37":14,"b:223:4:225:Infinity:undefined:undefined:undefined:undefined":2,"s:223:4:225:Infinity":101,"s:224:6:224:Infinity":102,"f:228:2:228:18":15,"s:229:4:229:Infinity":103,"f:232:2:232:38":16,"s:233:4:233:Infinity":104,"f:236:2:236:24":17,"s:237:4:242:Infinity":105,"s:238:23:238:Infinity":106,"b:239:6:241:Infinity:undefined:undefined:undefined:undefined":3,"s:239:6:241:Infinity":107,"b:239:10:239:32:239:32:239:54":4,"s:240:8:240:Infinity":108,"f:245:2:245:18":18,"s:246:4:248:Infinity":109,"s:247:6:247:Infinity":110,"s:249:4:249:Infinity":111,"b:251:4:254:Infinity:undefined:undefined:undefined:undefined":5,"s:251:4:254:Infinity":112,"s:252:6:252:Infinity":113,"s:253:6:253:Infinity":114,"s:256:4:256:Infinity":115,"s:257:4:257:Infinity":116}}}
,"/Users/kenwatanabe/Projects/DeckBuildingDigDug/src/EliteEnemy.ts": {"path":"/Users/kenwatanabe/Projects/DeckBuildingDigDug/src/EliteEnemy.ts","statementMap":{"0":{"start":{"line":17,"column":27},"end":{"line":17,"column":null}},"1":{"start":{"line":18,"column":28},"end":{"line":18,"column":null}},"2":{"start":{"line":20,"column":28},"end":{"line":20,"column":null}},"3":{"start":{"line":21,"column":28},"end":{"line":21,"column":null}},"4":{"start":{"line":22,"column":33},"end":{"line":22,"column":null}},"5":{"start":{"line":23,"column":30},"end":{"line":23,"column":null}},"6":{"start":{"line":27,"column":4},"end":{"line":27,"column":null}},"7":{"start":{"line":28,"column":4},"end":{"line":28,"column":null}},"8":{"start":{"line":29,"column":4},"end":{"line":29,"column":null}},"9":{"start":{"line":30,"column":4},"end":{"line":30,"column":null}},"10":{"start":{"line":31,"column":4},"end":{"line":31,"column":null}},"11":{"start":{"line":33,"column":4},"end":{"line":33,"column":null}},"12":{"start":{"line":34,"column":4},"end":{"line":34,"column":null}},"13":{"start":{"line":35,"column":4},"end":{"line":35,"column":null}},"14":{"start":{"line":39,"column":4},"end":{"line":39,"column":null}},"15":{"start":{"line":41,"column":18},"end":{"line":41,"column":null}},"16":{"start":{"line":42,"column":10},"end":{"line":42,"column":null}},"17":{"start":{"line":43,"column":23},"end":{"line":43,"column":null}},"18":{"start":{"line":46,"column":4},"end":{"line":46,"column":null}},"19":{"start":{"line":47,"column":4},"end":{"line":47,"column":null}},"20":{"start":{"line":50,"column":4},"end":{"line":50,"column":null}},"21":{"start":{"line":51,"column":4},"end":{"line":51,"column":null}},"22":{"start":{"line":54,"column":4},"end":{"line":54,"column":null}},"23":{"start":{"line":55,"column":4},"end":{"line":55,"column":null}},"24":{"start":{"line":58,"column":4},"end":{"line":58,"column":null}},"25":{"start":{"line":59,"column":4},"end":{"line":59,"column":null}},"26":{"start":{"line":62,"column":4},"end":{"line":62,"column":null}},"27":{"start":{"line":63,"column":4},"end":{"line":63,"column":null}},"28":{"start":{"line":64,"column":4},"end":{"line":64,"column":null}},"29":{"start":{"line":67,"column":15},"end":{"line":67,"column":null}},"30":{"start":{"line":68,"column":15},"end":{"line":68,"column":null}},"31":{"start":{"line":69,"column":17},"end":{"line":69,"column":null}},"32":{"start":{"line":70,"column":4},"end":{"line":76,"column":null}},"33":{"start":{"line":71,"column":18},"end":{"line":71,"column":null}},"34":{"start":{"line":72,"column":18},"end":{"line":72,"column":null}},"35":{"start":{"line":73,"column":6},"end":{"line":73,"column":null}},"36":{"start":{"line":74,"column":6},"end":{"line":74,"column":null}},"37":{"start":{"line":75,"column":6},"end":{"line":75,"column":null}},"38":{"start":{"line":79,"column":4},"end":{"line":79,"column":null}},"39":{"start":{"line":80,"column":4},"end":{"line":80,"column":null}},"40":{"start":{"line":81,"column":4},"end":{"line":81,"column":null}},"41":{"start":{"line":82,"column":4},"end":{"line":82,"column":null}},"42":{"start":{"line":83,"column":4},"end":{"line":83,"column":null}},"43":{"start":{"line":84,"column":4},"end":{"line":84,"column":null}},"44":{"start":{"line":87,"column":4},"end":{"line":87,"column":null}},"45":{"start":{"line":88,"column":4},"end":{"line":88,"column":null}},"46":{"start":{"line":89,"column":4},"end":{"line":89,"column":null}},"47":{"start":{"line":90,"column":4},"end":{"line":90,"column":null}},"48":{"start":{"line":91,"column":4},"end":{"line":91,"column":null}},"49":{"start":{"line":92,"column":4},"end":{"line":92,"column":null}},"50":{"start":{"line":93,"column":4},"end":{"line":93,"column":null}},"51":{"start":{"line":96,"column":21},"end":{"line":96,"column":null}},"52":{"start":{"line":97,"column":22},"end":{"line":97,"column":null}},"53":{"start":{"line":98,"column":17},"end":{"line":98,"column":null}},"54":{"start":{"line":99,"column":4},"end":{"line":99,"column":null}},"55":{"start":{"line":100,"column":4},"end":{"line":100,"column":null}},"56":{"start":{"line":103,"column":20},"end":{"line":103,"column":null}},"57":{"start":{"line":104,"column":4},"end":{"line":104,"column":null}},"58":{"start":{"line":105,"column":4},"end":{"line":105,"column":null}},"59":{"start":{"line":108,"column":4},"end":{"line":108,"column":null}},"60":{"start":{"line":109,"column":4},"end":{"line":109,"column":null}},"61":{"start":{"line":113,"column":4},"end":{"line":113,"column":null}},"62":{"start":{"line":114,"column":4},"end":{"line":114,"column":null}},"63":{"start":{"line":118,"column":4},"end":{"line":118,"column":null}},"64":{"start":{"line":119,"column":4},"end":{"line":119,"column":null}},"65":{"start":{"line":120,"column":4},"end":{"line":120,"column":null}},"66":{"start":{"line":123,"column":15},"end":{"line":123,"column":null}},"67":{"start":{"line":124,"column":15},"end":{"line":124,"column":null}},"68":{"start":{"line":125,"column":17},"end":{"line":125,"column":null}},"69":{"start":{"line":127,"column":4},"end":{"line":131,"column":null}},"70":{"start":{"line":128,"column":20},"end":{"line":128,"column":null}},"71":{"start":{"line":129,"column":6},"end":{"line":129,"column":null}},"72":{"start":{"line":130,"column":6},"end":{"line":130,"column":null}},"73":{"start":{"line":134,"column":4},"end":{"line":136,"column":null}},"74":{"start":{"line":135,"column":6},"end":{"line":135,"column":null}},"75":{"start":{"line":138,"column":4},"end":{"line":138,"column":null}},"76":{"start":{"line":139,"column":4},"end":{"line":139,"column":null}},"77":{"start":{"line":143,"column":4},"end":{"line":143,"column":null}},"78":{"start":{"line":144,"column":4},"end":{"line":144,"column":null}},"79":{"start":{"line":146,"column":4},"end":{"line":149,"column":null}},"80":{"start":{"line":147,"column":6},"end":{"line":147,"column":null}},"81":{"start":{"line":148,"column":6},"end":{"line":148,"column":null}},"82":{"start":{"line":150,"column":4},"end":{"line":150,"column":null}},"83":{"start":{"line":154,"column":4},"end":{"line":154,"column":null}},"84":{"start":{"line":158,"column":4},"end":{"line":158,"column":null}}},"fnMap":{"0":{"name":"(anonymous_0)","decl":{"start":{"line":26,"column":2},"end":{"line":26,"column":14}},"loc":{"start":{"line":26,"column":63},"end":{"line":36,"column":null}},"line":26},"1":{"name":"(anonymous_1)","decl":{"start":{"line":38,"column":10},"end":{"line":38,"column":23}},"loc":{"start":{"line":38,"column":23},"end":{"line":110,"column":null}},"line":38},"2":{"name":"(anonymous_2)","decl":{"start":{"line":112,"column":10},"end":{"line":112,"column":33}},"loc":{"start":{"line":112,"column":33},"end":{"line":115,"column":null}},"line":112},"3":{"name":"(anonymous_3)","decl":{"start":{"line":117,"column":2},"end":{"line":117,"column":9}},"loc":{"start":{"line":117,"column":68},"end":{"line":140,"column":null}},"line":117},"4":{"name":"(anonymous_4)","decl":{"start":{"line":142,"column":2},"end":{"line":142,"column":13}},"loc":{"start":{"line":142,"column":38},"end":{"line":151,"column":null}},"line":142},"5":{"name":"(anonymous_5)","decl":{"start":{"line":153,"column":2},"end":{"line":153,"column":18}},"loc":{"start":{"line":153,"column":18},"end":{"line":155,"column":null}},"line":153},"6":{"name":"(anonymous_6)","decl":{"start":{"line":157,"column":6},"end":{"line":157,"column":23}},"loc":{"start":{"line":157,"column":23},"end":{"line":159,"column":null}},"line":157}},"branchMap":{"0":{"loc":{"start":{"line":26,"column":36},"end":{"line":26,"column":63}},"type":"default-arg","locations":[{"start":{"line":26,"column":53},"end":{"line":26,"column":63}}],"line":26},"1":{"loc":{"start":{"line":41,"column":18},"end":{"line":41,"column":null}},"type":"cond-expr","locations":[{"start":{"line":41,"column":42},"end":{"line":41,"column":53}},{"start":{"line":41,"column":53},"end":{"line":41,"column":null}}],"line":41},"2":{"loc":{"start":{"line":70,"column":4},"end":{"line":76,"column":null}},"type":"if","locations":[{"start":{"line":70,"column":4},"end":{"line":76,"column":null}},{"start":{},"end":{}}],"line":70},"3":{"loc":{"start":{"line":105,"column":23},"end":{"line":105,"column":61}},"type":"cond-expr","locations":[{"start":{"line":105,"column":39},"end":{"line":105,"column":53}},{"start":{"line":105,"column":53},"end":{"line":105,"column":61}}],"line":105},"4":{"loc":{"start":{"line":127,"column":4},"end":{"line":131,"column":null}},"type":"if","locations":[{"start":{"line":127,"column":4},"end":{"line":131,"column":null}},{"start":{},"end":{}}],"line":127},"5":{"loc":{"start":{"line":134,"column":4},"end":{"line":136,"column":null}},"type":"if","locations":[{"start":{"line":134,"column":4},"end":{"line":136,"column":null}},{"start":{},"end":{}}],"line":134},"6":{"loc":{"start":{"line":146,"column":4},"end":{"line":149,"column":null}},"type":"if","locations":[{"start":{"line":146,"column":4},"end":{"line":149,"column":null}},{"start":{},"end":{}}],"line":146}},"s":{"0":0,"1":0,"2":0,"3":0,"4":0,"5":0,"6":0,"7":0,"8":0,"9":0,"10":0,"11":0,"12":0,"13":0,"14":0,"15":0,"16":0,"17":0,"18":0,"19":0,"20":0,"21":0,"22":0,"23":0,"24":0,"25":0,"26":0,"27":0,"28":0,"29":0,"30":0,"31":0,"32":0,"33":0,"34":0,"35":0,"36":0,"37":0,"38":0,"39":0,"40":0,"41":0,"42":0,"43":0,"44":0,"45":0,"46":0,"47":0,"48":0,"49":0,"50":0,"51":0,"52":0,"53":0,"54":0,"55":0,"56":0,"57":0,"58":0,"59":0,"60":0,"61":0,"62":0,"63":0,"64":0,"65":0,"66":0,"67":0,"68":0,"69":0,"70":0,"71":0,"72":0,"73":0,"74":0,"75":0,"76":0,"77":0,"78":0,"79":0,"80":0,"81":0,"82":0,"83":0,"84":0},"f":{"0":0,"1":0,"2":0,"3":0,"4":0,"5":0,"6":0},"b":{"0":[0],"1":[0,0],"2":[0,0],"3":[0,0],"4":[0,0],"5":[0,0],"6":[0,0]},"meta":{"lastBranch":7,"lastFunction":7,"lastStatement":85,"seen":{"s:17:27:17:Infinity":0,"s:18:28:18:Infinity":1,"s:20:28:20:Infinity":2,"s:21:28:21:Infinity":3,"s:22:33:22:Infinity":4,"s:23:30:23:Infinity":5,"f:26:2:26:14":0,"b:26:53:26:63":0,"s:27:4:27:Infinity":6,"s:28:4:28:Infinity":7,"s:29:4:29:Infinity":8,"s:30:4:30:Infinity":9,"s:31:4:31:Infinity":10,"s:33:4:33:Infinity":11,"s:34:4:34:Infinity":12,"s:35:4:35:Infinity":13,"f:38:10:38:23":1,"s:39:4:39:Infinity":14,"s:41:18:41:Infinity":15,"b:41:42:41:53:41:53:41:Infinity":1,"s:42:10:42:Infinity":16,"s:43:23:43:Infinity":17,"s:46:4:46:Infinity":18,"s:47:4:47:Infinity":19,"s:50:4:50:Infinity":20,"s:51:4:51:Infinity":21,"s:54:4:54:Infinity":22,"s:55:4:55:Infinity":23,"s:58:4:58:Infinity":24,"s:59:4:59:Infinity":25,"s:62:4:62:Infinity":26,"s:63:4:63:Infinity":27,"s:64:4:64:Infinity":28,"s:67:15:67:Infinity":29,"s:68:15:68:Infinity":30,"s:69:17:69:Infinity":31,"b:70:4:76:Infinity:undefined:undefined:undefined:undefined":2,"s:70:4:76:Infinity":32,"s:71:18:71:Infinity":33,"s:72:18:72:Infinity":34,"s:73:6:73:Infinity":35,"s:74:6:74:Infinity":36,"s:75:6:75:Infinity":37,"s:79:4:79:Infinity":38,"s:80:4:80:Infinity":39,"s:81:4:81:Infinity":40,"s:82:4:82:Infinity":41,"s:83:4:83:Infinity":42,"s:84:4:84:Infinity":43,"s:87:4:87:Infinity":44,"s:88:4:88:Infinity":45,"s:89:4:89:Infinity":46,"s:90:4:90:Infinity":47,"s:91:4:91:Infinity":48,"s:92:4:92:Infinity":49,"s:93:4:93:Infinity":50,"s:96:21:96:Infinity":51,"s:97:22:97:Infinity":52,"s:98:17:98:Infinity":53,"s:99:4:99:Infinity":54,"s:100:4:100:Infinity":55,"s:103:20:103:Infinity":56,"s:104:4:104:Infinity":57,"s:105:4:105:Infinity":58,"b:105:39:105:53:105:53:105:61":3,"s:108:4:108:Infinity":59,"s:109:4:109:Infinity":60,"f:112:10:112:33":2,"s:113:4:113:Infinity":61,"s:114:4:114:Infinity":62,"f:117:2:117:9":3,"s:118:4:118:Infinity":63,"s:119:4:119:Infinity":64,"s:120:4:120:Infinity":65,"s:123:15:123:Infinity":66,"s:124:15:124:Infinity":67,"s:125:17:125:Infinity":68,"b:127:4:131:Infinity:undefined:undefined:undefined:undefined":4,"s:127:4:131:Infinity":69,"s:128:20:128:Infinity":70,"s:129:6:129:Infinity":71,"s:130:6:130:Infinity":72,"b:134:4:136:Infinity:undefined:undefined:undefined:undefined":5,"s:134:4:136:Infinity":73,"s:135:6:135:Infinity":74,"s:138:4:138:Infinity":75,"s:139:4:139:Infinity":76,"f:142:2:142:13":4,"s:143:4:143:Infinity":77,"s:144:4:144:Infinity":78,"b:146:4:149:Infinity:undefined:undefined:undefined:undefined":6,"s:146:4:149:Infinity":79,"s:147:6:147:Infinity":80,"s:148:6:148:Infinity":81,"s:150:4:150:Infinity":82,"f:153:2:153:18":5,"s:154:4:154:Infinity":83,"f:157:6:157:23":6,"s:158:4:158:Infinity":84}}}
,"/Users/kenwatanabe/Projects/DeckBuildingDigDug/src/Enemy.ts": {"path":"/Users/kenwatanabe/Projects/DeckBuildingDigDug/src/Enemy.ts","statementMap":{"0":{"start":{"line":9,"column":27},"end":{"line":9,"column":null}},"1":{"start":{"line":10,"column":29},"end":{"line":10,"column":null}},"2":{"start":{"line":12,"column":28},"end":{"line":12,"column":null}},"3":{"start":{"line":13,"column":28},"end":{"line":13,"column":null}},"4":{"start":{"line":14,"column":33},"end":{"line":14,"column":null}},"5":{"start":{"line":17,"column":4},"end":{"line":17,"column":null}},"6":{"start":{"line":18,"column":4},"end":{"line":18,"column":null}},"7":{"start":{"line":19,"column":4},"end":{"line":19,"column":null}},"8":{"start":{"line":20,"column":4},"end":{"line":20,"column":null}},"9":{"start":{"line":22,"column":4},"end":{"line":22,"column":null}},"10":{"start":{"line":23,"column":4},"end":{"line":23,"column":null}},"11":{"start":{"line":24,"column":4},"end":{"line":24,"column":null}},"12":{"start":{"line":28,"column":4},"end":{"line":28,"column":null}},"13":{"start":{"line":30,"column":18},"end":{"line":30,"column":null}},"14":{"start":{"line":33,"column":4},"end":{"line":33,"column":null}},"15":{"start":{"line":34,"column":4},"end":{"line":34,"column":null}},"16":{"start":{"line":37,"column":4},"end":{"line":37,"column":null}},"17":{"start":{"line":38,"column":4},"end":{"line":38,"column":null}},"18":{"start":{"line":39,"column":4},"end":{"line":39,"column":null}},"19":{"start":{"line":42,"column":15},"end":{"line":42,"column":null}},"20":{"start":{"line":43,"column":15},"end":{"line":43,"column":null}},"21":{"start":{"line":44,"column":17},"end":{"line":44,"column":null}},"22":{"start":{"line":45,"column":4},"end":{"line":51,"column":null}},"23":{"start":{"line":46,"column":18},"end":{"line":46,"column":null}},"24":{"start":{"line":47,"column":18},"end":{"line":47,"column":null}},"25":{"start":{"line":48,"column":6},"end":{"line":48,"column":null}},"26":{"start":{"line":49,"column":6},"end":{"line":49,"column":null}},"27":{"start":{"line":50,"column":6},"end":{"line":50,"column":null}},"28":{"start":{"line":54,"column":4},"end":{"line":54,"column":null}},"29":{"start":{"line":55,"column":4},"end":{"line":55,"column":null}},"30":{"start":{"line":56,"column":4},"end":{"line":56,"column":null}},"31":{"start":{"line":57,"column":4},"end":{"line":57,"column":null}},"32":{"start":{"line":60,"column":4},"end":{"line":60,"column":null}},"33":{"start":{"line":61,"column":4},"end":{"line":61,"column":null}},"34":{"start":{"line":65,"column":4},"end":{"line":65,"column":null}},"35":{"start":{"line":66,"column":4},"end":{"line":66,"column":null}},"36":{"start":{"line":70,"column":4},"end":{"line":70,"column":null}},"37":{"start":{"line":71,"column":4},"end":{"line":71,"column":null}},"38":{"start":{"line":74,"column":15},"end":{"line":74,"column":null}},"39":{"start":{"line":75,"column":15},"end":{"line":75,"column":null}},"40":{"start":{"line":76,"column":17},"end":{"line":76,"column":null}},"41":{"start":{"line":78,"column":4},"end":{"line":81,"column":null}},"42":{"start":{"line":79,"column":6},"end":{"line":79,"column":null}},"43":{"start":{"line":80,"column":6},"end":{"line":80,"column":null}},"44":{"start":{"line":84,"column":4},"end":{"line":86,"column":null}},"45":{"start":{"line":85,"column":6},"end":{"line":85,"column":null}},"46":{"start":{"line":88,"column":4},"end":{"line":88,"column":null}},"47":{"start":{"line":89,"column":4},"end":{"line":89,"column":null}},"48":{"start":{"line":93,"column":4},"end":{"line":93,"column":null}},"49":{"start":{"line":94,"column":4},"end":{"line":94,"column":null}},"50":{"start":{"line":96,"column":4},"end":{"line":99,"column":null}},"51":{"start":{"line":97,"column":6},"end":{"line":97,"column":null}},"52":{"start":{"line":98,"column":6},"end":{"line":98,"column":null}},"53":{"start":{"line":100,"column":4},"end":{"line":100,"column":null}},"54":{"start":{"line":104,"column":4},"end":{"line":104,"column":null}},"55":{"start":{"line":108,"column":4},"end":{"line":108,"column":null}}},"fnMap":{"0":{"name":"(anonymous_0)","decl":{"start":{"line":16,"column":2},"end":{"line":16,"column":14}},"loc":{"start":{"line":16,"column":83},"end":{"line":25,"column":null}},"line":16},"1":{"name":"(anonymous_1)","decl":{"start":{"line":27,"column":10},"end":{"line":27,"column":23}},"loc":{"start":{"line":27,"column":23},"end":{"line":62,"column":null}},"line":27},"2":{"name":"(anonymous_2)","decl":{"start":{"line":64,"column":10},"end":{"line":64,"column":33}},"loc":{"start":{"line":64,"column":33},"end":{"line":67,"column":null}},"line":64},"3":{"name":"(anonymous_3)","decl":{"start":{"line":69,"column":2},"end":{"line":69,"column":9}},"loc":{"start":{"line":69,"column":68},"end":{"line":90,"column":null}},"line":69},"4":{"name":"(anonymous_4)","decl":{"start":{"line":92,"column":2},"end":{"line":92,"column":13}},"loc":{"start":{"line":92,"column":38},"end":{"line":101,"column":null}},"line":92},"5":{"name":"(anonymous_5)","decl":{"start":{"line":103,"column":2},"end":{"line":103,"column":18}},"loc":{"start":{"line":103,"column":18},"end":{"line":105,"column":null}},"line":103},"6":{"name":"(anonymous_6)","decl":{"start":{"line":107,"column":6},"end":{"line":107,"column":23}},"loc":{"start":{"line":107,"column":23},"end":{"line":109,"column":null}},"line":107}},"branchMap":{"0":{"loc":{"start":{"line":16,"column":36},"end":{"line":16,"column":60}},"type":"default-arg","locations":[{"start":{"line":16,"column":56},"end":{"line":16,"column":60}}],"line":16},"1":{"loc":{"start":{"line":16,"column":60},"end":{"line":16,"column":83}},"type":"default-arg","locations":[{"start":{"line":16,"column":73},"end":{"line":16,"column":83}}],"line":16},"2":{"loc":{"start":{"line":30,"column":18},"end":{"line":30,"column":null}},"type":"cond-expr","locations":[{"start":{"line":30,"column":42},"end":{"line":30,"column":53}},{"start":{"line":30,"column":53},"end":{"line":30,"column":null}}],"line":30},"3":{"loc":{"start":{"line":45,"column":4},"end":{"line":51,"column":null}},"type":"if","locations":[{"start":{"line":45,"column":4},"end":{"line":51,"column":null}},{"start":{},"end":{}}],"line":45},"4":{"loc":{"start":{"line":78,"column":4},"end":{"line":81,"column":null}},"type":"if","locations":[{"start":{"line":78,"column":4},"end":{"line":81,"column":null}},{"start":{},"end":{}}],"line":78},"5":{"loc":{"start":{"line":84,"column":4},"end":{"line":86,"column":null}},"type":"if","locations":[{"start":{"line":84,"column":4},"end":{"line":86,"column":null}},{"start":{},"end":{}}],"line":84},"6":{"loc":{"start":{"line":96,"column":4},"end":{"line":99,"column":null}},"type":"if","locations":[{"start":{"line":96,"column":4},"end":{"line":99,"column":null}},{"start":{},"end":{}}],"line":96}},"s":{"0":0,"1":0,"2":0,"3":0,"4":0,"5":0,"6":0,"7":0,"8":0,"9":0,"10":0,"11":0,"12":0,"13":0,"14":0,"15":0,"16":0,"17":0,"18":0,"19":0,"20":0,"21":0,"22":0,"23":0,"24":0,"25":0,"26":0,"27":0,"28":0,"29":0,"30":0,"31":0,"32":0,"33":0,"34":0,"35":0,"36":0,"37":0,"38":0,"39":0,"40":0,"41":0,"42":0,"43":0,"44":0,"45":0,"46":0,"47":0,"48":0,"49":0,"50":0,"51":0,"52":0,"53":0,"54":0,"55":0},"f":{"0":0,"1":0,"2":0,"3":0,"4":0,"5":0,"6":0},"b":{"0":[0],"1":[0],"2":[0,0],"3":[0,0],"4":[0,0],"5":[0,0],"6":[0,0]},"meta":{"lastBranch":7,"lastFunction":7,"lastStatement":56,"seen":{"s:9:27:9:Infinity":0,"s:10:29:10:Infinity":1,"s:12:28:12:Infinity":2,"s:13:28:13:Infinity":3,"s:14:33:14:Infinity":4,"f:16:2:16:14":0,"b:16:56:16:60":0,"b:16:73:16:83":1,"s:17:4:17:Infinity":5,"s:18:4:18:Infinity":6,"s:19:4:19:Infinity":7,"s:20:4:20:Infinity":8,"s:22:4:22:Infinity":9,"s:23:4:23:Infinity":10,"s:24:4:24:Infinity":11,"f:27:10:27:23":1,"s:28:4:28:Infinity":12,"s:30:18:30:Infinity":13,"b:30:42:30:53:30:53:30:Infinity":2,"s:33:4:33:Infinity":14,"s:34:4:34:Infinity":15,"s:37:4:37:Infinity":16,"s:38:4:38:Infinity":17,"s:39:4:39:Infinity":18,"s:42:15:42:Infinity":19,"s:43:15:43:Infinity":20,"s:44:17:44:Infinity":21,"b:45:4:51:Infinity:undefined:undefined:undefined:undefined":3,"s:45:4:51:Infinity":22,"s:46:18:46:Infinity":23,"s:47:18:47:Infinity":24,"s:48:6:48:Infinity":25,"s:49:6:49:Infinity":26,"s:50:6:50:Infinity":27,"s:54:4:54:Infinity":28,"s:55:4:55:Infinity":29,"s:56:4:56:Infinity":30,"s:57:4:57:Infinity":31,"s:60:4:60:Infinity":32,"s:61:4:61:Infinity":33,"f:64:10:64:33":2,"s:65:4:65:Infinity":34,"s:66:4:66:Infinity":35,"f:69:2:69:9":3,"s:70:4:70:Infinity":36,"s:71:4:71:Infinity":37,"s:74:15:74:Infinity":38,"s:75:15:75:Infinity":39,"s:76:17:76:Infinity":40,"b:78:4:81:Infinity:undefined:undefined:undefined:undefined":4,"s:78:4:81:Infinity":41,"s:79:6:79:Infinity":42,"s:80:6:80:Infinity":43,"b:84:4:86:Infinity:undefined:undefined:undefined:undefined":5,"s:84:4:86:Infinity":44,"s:85:6:85:Infinity":45,"s:88:4:88:Infinity":46,"s:89:4:89:Infinity":47,"f:92:2:92:13":4,"s:93:4:93:Infinity":48,"s:94:4:94:Infinity":49,"b:96:4:99:Infinity:undefined:undefined:undefined:undefined":6,"s:96:4:99:Infinity":50,"s:97:6:97:Infinity":51,"s:98:6:98:Infinity":52,"s:100:4:100:Infinity":53,"f:103:2:103:18":5,"s:104:4:104:Infinity":54,"f:107:6:107:23":6,"s:108:4:108:Infinity":55}}}
,"/Users/kenwatanabe/Projects/DeckBuildingDigDug/src/EnemyManager.ts": {"path":"/Users/kenwatanabe/Projects/DeckBuildingDigDug/src/EnemyManager.ts","statementMap":{"0":{"start":{"line":31,"column":29},"end":{"line":31,"column":null}},"1":{"start":{"line":32,"column":39},"end":{"line":32,"column":null}},"2":{"start":{"line":33,"column":44},"end":{"line":33,"column":null}},"3":{"start":{"line":34,"column":32},"end":{"line":34,"column":null}},"4":{"start":{"line":35,"column":34},"end":{"line":35,"column":null}},"5":{"start":{"line":36,"column":66},"end":{"line":36,"column":null}},"6":{"start":{"line":37,"column":66},"end":{"line":37,"column":null}},"7":{"start":{"line":38,"column":70},"end":{"line":38,"column":null}},"8":{"start":{"line":39,"column":62},"end":{"line":39,"column":null}},"9":{"start":{"line":40,"column":28},"end":{"line":40,"column":null}},"10":{"start":{"line":41,"column":37},"end":{"line":41,"column":null}},"11":{"start":{"line":44,"column":4},"end":{"line":44,"column":null}},"12":{"start":{"line":48,"column":4},"end":{"line":48,"column":null}},"13":{"start":{"line":52,"column":4},"end":{"line":52,"column":null}},"14":{"start":{"line":56,"column":4},"end":{"line":56,"column":null}},"15":{"start":{"line":60,"column":4},"end":{"line":60,"column":null}},"16":{"start":{"line":64,"column":4},"end":{"line":64,"column":null}},"17":{"start":{"line":68,"column":4},"end":{"line":68,"column":null}},"18":{"start":{"line":73,"column":4},"end":{"line":76,"column":null}},"19":{"start":{"line":74,"column":6},"end":{"line":74,"column":null}},"20":{"start":{"line":75,"column":6},"end":{"line":75,"column":null}},"21":{"start":{"line":79,"column":4},"end":{"line":82,"column":null}},"22":{"start":{"line":80,"column":6},"end":{"line":80,"column":null}},"23":{"start":{"line":81,"column":6},"end":{"line":81,"column":null}},"24":{"start":{"line":85,"column":4},"end":{"line":87,"column":null}},"25":{"start":{"line":86,"column":6},"end":{"line":86,"column":null}},"26":{"start":{"line":91,"column":21},"end":{"line":91,"column":null}},"27":{"start":{"line":92,"column":4},"end":{"line":92,"column":null}},"28":{"start":{"line":93,"column":4},"end":{"line":93,"column":null}},"29":{"start":{"line":94,"column":4},"end":{"line":94,"column":null}},"30":{"start":{"line":96,"column":29},"end":{"line":104,"column":null}},"31":{"start":{"line":106,"column":4},"end":{"line":106,"column":null}},"32":{"start":{"line":107,"column":4},"end":{"line":107,"column":null}},"33":{"start":{"line":111,"column":4},"end":{"line":111,"column":null}},"34":{"start":{"line":113,"column":18},"end":{"line":113,"column":null}},"35":{"start":{"line":116,"column":4},"end":{"line":116,"column":null}},"36":{"start":{"line":117,"column":4},"end":{"line":117,"column":null}},"37":{"start":{"line":120,"column":4},"end":{"line":125,"column":null}},"38":{"start":{"line":120,"column":17},"end":{"line":120,"column":20}},"39":{"start":{"line":121,"column":12},"end":{"line":121,"column":null}},"40":{"start":{"line":122,"column":16},"end":{"line":122,"column":null}},"41":{"start":{"line":123,"column":6},"end":{"line":123,"column":null}},"42":{"start":{"line":124,"column":6},"end":{"line":124,"column":null}},"43":{"start":{"line":128,"column":4},"end":{"line":128,"column":null}},"44":{"start":{"line":129,"column":4},"end":{"line":129,"column":null}},"45":{"start":{"line":132,"column":4},"end":{"line":139,"column":null}},"46":{"start":{"line":133,"column":6},"end":{"line":138,"column":null}},"47":{"start":{"line":133,"column":19},"end":{"line":133,"column":22}},"48":{"start":{"line":134,"column":26},"end":{"line":134,"column":null}},"49":{"start":{"line":135,"column":21},"end":{"line":135,"column":null}},"50":{"start":{"line":136,"column":8},"end":{"line":136,"column":null}},"51":{"start":{"line":137,"column":8},"end":{"line":137,"column":null}},"52":{"start":{"line":143,"column":18},"end":{"line":143,"column":null}},"53":{"start":{"line":144,"column":4},"end":{"line":144,"column":null}},"54":{"start":{"line":145,"column":4},"end":{"line":145,"column":null}},"55":{"start":{"line":149,"column":18},"end":{"line":149,"column":null}},"56":{"start":{"line":150,"column":4},"end":{"line":150,"column":null}},"57":{"start":{"line":151,"column":4},"end":{"line":151,"column":null}},"58":{"start":{"line":155,"column":18},"end":{"line":155,"column":null}},"59":{"start":{"line":156,"column":4},"end":{"line":156,"column":null}},"60":{"start":{"line":157,"column":4},"end":{"line":157,"column":null}},"61":{"start":{"line":161,"column":4},"end":{"line":161,"column":null}},"62":{"start":{"line":161,"column":35},"end":{"line":161,"column":46}},"63":{"start":{"line":166,"column":4},"end":{"line":195,"column":null}},"64":{"start":{"line":166,"column":17},"end":{"line":166,"column":43}},"65":{"start":{"line":167,"column":22},"end":{"line":167,"column":null}},"66":{"start":{"line":169,"column":6},"end":{"line":172,"column":null}},"67":{"start":{"line":170,"column":8},"end":{"line":170,"column":null}},"68":{"start":{"line":171,"column":8},"end":{"line":171,"column":null}},"69":{"start":{"line":175,"column":17},"end":{"line":175,"column":null}},"70":{"start":{"line":176,"column":17},"end":{"line":176,"column":null}},"71":{"start":{"line":177,"column":19},"end":{"line":177,"column":null}},"72":{"start":{"line":179,"column":6},"end":{"line":183,"column":null}},"73":{"start":{"line":180,"column":8},"end":{"line":180,"column":null}},"74":{"start":{"line":181,"column":8},"end":{"line":181,"column":null}},"75":{"start":{"line":182,"column":8},"end":{"line":182,"column":null}},"76":{"start":{"line":186,"column":6},"end":{"line":186,"column":null}},"77":{"start":{"line":187,"column":6},"end":{"line":191,"column":null}},"78":{"start":{"line":188,"column":8},"end":{"line":188,"column":null}},"79":{"start":{"line":189,"column":8},"end":{"line":189,"column":null}},"80":{"start":{"line":190,"column":8},"end":{"line":190,"column":null}},"81":{"start":{"line":194,"column":6},"end":{"line":194,"column":null}},"82":{"start":{"line":198,"column":4},"end":{"line":230,"column":null}},"83":{"start":{"line":198,"column":17},"end":{"line":198,"column":42}},"84":{"start":{"line":199,"column":20},"end":{"line":199,"column":null}},"85":{"start":{"line":201,"column":6},"end":{"line":217,"column":null}},"86":{"start":{"line":203,"column":8},"end":{"line":208,"column":null}},"87":{"start":{"line":204,"column":26},"end":{"line":204,"column":null}},"88":{"start":{"line":205,"column":10},"end":{"line":207,"column":null}},"89":{"start":{"line":206,"column":12},"end":{"line":206,"column":null}},"90":{"start":{"line":210,"column":8},"end":{"line":212,"column":null}},"91":{"start":{"line":211,"column":10},"end":{"line":211,"column":null}},"92":{"start":{"line":213,"column":8},"end":{"line":213,"column":null}},"93":{"start":{"line":214,"column":8},"end":{"line":214,"column":null}},"94":{"start":{"line":215,"column":8},"end":{"line":215,"column":null}},"95":{"start":{"line":216,"column":8},"end":{"line":216,"column":null}},"96":{"start":{"line":219,"column":6},"end":{"line":219,"column":null}},"97":{"start":{"line":222,"column":17},"end":{"line":222,"column":null}},"98":{"start":{"line":223,"column":17},"end":{"line":223,"column":null}},"99":{"start":{"line":224,"column":19},"end":{"line":224,"column":null}},"100":{"start":{"line":225,"column":29},"end":{"line":225,"column":null}},"101":{"start":{"line":227,"column":6},"end":{"line":229,"column":null}},"102":{"start":{"line":228,"column":8},"end":{"line":228,"column":null}},"103":{"start":{"line":233,"column":4},"end":{"line":260,"column":null}},"104":{"start":{"line":233,"column":17},"end":{"line":233,"column":47}},"105":{"start":{"line":234,"column":20},"end":{"line":234,"column":null}},"106":{"start":{"line":236,"column":6},"end":{"line":247,"column":null}},"107":{"start":{"line":238,"column":8},"end":{"line":238,"column":null}},"108":{"start":{"line":240,"column":8},"end":{"line":242,"column":null}},"109":{"start":{"line":241,"column":10},"end":{"line":241,"column":null}},"110":{"start":{"line":243,"column":8},"end":{"line":243,"column":null}},"111":{"start":{"line":244,"column":8},"end":{"line":244,"column":null}},"112":{"start":{"line":245,"column":8},"end":{"line":245,"column":null}},"113":{"start":{"line":246,"column":8},"end":{"line":246,"column":null}},"114":{"start":{"line":249,"column":6},"end":{"line":249,"column":null}},"115":{"start":{"line":252,"column":17},"end":{"line":252,"column":null}},"116":{"start":{"line":253,"column":17},"end":{"line":253,"column":null}},"117":{"start":{"line":254,"column":19},"end":{"line":254,"column":null}},"118":{"start":{"line":255,"column":29},"end":{"line":255,"column":null}},"119":{"start":{"line":257,"column":6},"end":{"line":259,"column":null}},"120":{"start":{"line":258,"column":8},"end":{"line":258,"column":null}},"121":{"start":{"line":263,"column":4},"end":{"line":277,"column":null}},"122":{"start":{"line":263,"column":17},"end":{"line":263,"column":49}},"123":{"start":{"line":264,"column":20},"end":{"line":264,"column":null}},"124":{"start":{"line":266,"column":6},"end":{"line":266,"column":null}},"125":{"start":{"line":269,"column":6},"end":{"line":276,"column":null}},"126":{"start":{"line":270,"column":8},"end":{"line":272,"column":null}},"127":{"start":{"line":271,"column":10},"end":{"line":271,"column":null}},"128":{"start":{"line":273,"column":8},"end":{"line":273,"column":null}},"129":{"start":{"line":274,"column":8},"end":{"line":274,"column":null}},"130":{"start":{"line":275,"column":8},"end":{"line":275,"column":null}},"131":{"start":{"line":281,"column":4},"end":{"line":281,"column":null}},"132":{"start":{"line":285,"column":4},"end":{"line":285,"column":null}},"133":{"start":{"line":290,"column":4},"end":{"line":301,"column":null}},"134":{"start":{"line":291,"column":6},"end":{"line":291,"column":null}},"135":{"start":{"line":291,"column":25},"end":{"line":291,"column":null}},"136":{"start":{"line":293,"column":17},"end":{"line":293,"column":null}},"137":{"start":{"line":294,"column":17},"end":{"line":294,"column":null}},"138":{"start":{"line":295,"column":19},"end":{"line":295,"column":null}},"139":{"start":{"line":297,"column":6},"end":{"line":300,"column":null}},"140":{"start":{"line":298,"column":8},"end":{"line":298,"column":null}},"141":{"start":{"line":299,"column":8},"end":{"line":299,"column":null}},"142":{"start":{"line":304,"column":4},"end":{"line":315,"column":null}},"143":{"start":{"line":305,"column":6},"end":{"line":305,"column":null}},"144":{"start":{"line":305,"column":25},"end":{"line":305,"column":null}},"145":{"start":{"line":307,"column":17},"end":{"line":307,"column":null}},"146":{"start":{"line":308,"column":17},"end":{"line":308,"column":null}},"147":{"start":{"line":309,"column":19},"end":{"line":309,"column":null}},"148":{"start":{"line":311,"column":6},"end":{"line":314,"column":null}},"149":{"start":{"line":312,"column":8},"end":{"line":312,"column":null}},"150":{"start":{"line":313,"column":8},"end":{"line":313,"column":null}},"151":{"start":{"line":317,"column":4},"end":{"line":317,"column":null}},"152":{"start":{"line":321,"column":4},"end":{"line":324,"column":null}},"153":{"start":{"line":322,"column":6},"end":{"line":322,"column":null}},"154":{"start":{"line":323,"column":6},"end":{"line":323,"column":null}},"155":{"start":{"line":325,"column":4},"end":{"line":325,"column":null}},"156":{"start":{"line":327,"column":4},"end":{"line":330,"column":null}},"157":{"start":{"line":328,"column":6},"end":{"line":328,"column":null}},"158":{"start":{"line":329,"column":6},"end":{"line":329,"column":null}},"159":{"start":{"line":331,"column":4},"end":{"line":331,"column":null}},"160":{"start":{"line":333,"column":4},"end":{"line":336,"column":null}},"161":{"start":{"line":334,"column":6},"end":{"line":334,"column":null}},"162":{"start":{"line":335,"column":6},"end":{"line":335,"column":null}},"163":{"start":{"line":337,"column":4},"end":{"line":337,"column":null}},"164":{"start":{"line":339,"column":4},"end":{"line":342,"column":null}},"165":{"start":{"line":340,"column":6},"end":{"line":340,"column":null}},"166":{"start":{"line":341,"column":6},"end":{"line":341,"column":null}},"167":{"start":{"line":343,"column":4},"end":{"line":343,"column":null}},"168":{"start":{"line":344,"column":4},"end":{"line":344,"column":null}}},"fnMap":{"0":{"name":"(anonymous_0)","decl":{"start":{"line":43,"column":2},"end":{"line":43,"column":16}},"loc":{"start":{"line":43,"column":16},"end":{"line":45,"column":null}},"line":43},"1":{"name":"(anonymous_1)","decl":{"start":{"line":47,"column":2},"end":{"line":47,"column":13}},"loc":{"start":{"line":47,"column":31},"end":{"line":49,"column":null}},"line":47},"2":{"name":"(anonymous_2)","decl":{"start":{"line":51,"column":2},"end":{"line":51,"column":22}},"loc":{"start":{"line":51,"column":44},"end":{"line":53,"column":null}},"line":51},"3":{"name":"(anonymous_3)","decl":{"start":{"line":55,"column":2},"end":{"line":55,"column":18}},"loc":{"start":{"line":55,"column":66},"end":{"line":57,"column":null}},"line":55},"4":{"name":"(anonymous_4)","decl":{"start":{"line":59,"column":2},"end":{"line":59,"column":18}},"loc":{"start":{"line":59,"column":66},"end":{"line":61,"column":null}},"line":59},"5":{"name":"(anonymous_5)","decl":{"start":{"line":63,"column":2},"end":{"line":63,"column":22}},"loc":{"start":{"line":63,"column":70},"end":{"line":65,"column":null}},"line":63},"6":{"name":"(anonymous_6)","decl":{"start":{"line":67,"column":2},"end":{"line":67,"column":20}},"loc":{"start":{"line":67,"column":62},"end":{"line":69,"column":null}},"line":67},"7":{"name":"(anonymous_7)","decl":{"start":{"line":71,"column":2},"end":{"line":71,"column":18}},"loc":{"start":{"line":71,"column":46},"end":{"line":88,"column":null}},"line":71},"8":{"name":"(anonymous_8)","decl":{"start":{"line":90,"column":10},"end":{"line":90,"column":24}},"loc":{"start":{"line":90,"column":52},"end":{"line":108,"column":null}},"line":90},"9":{"name":"(anonymous_9)","decl":{"start":{"line":110,"column":10},"end":{"line":110,"column":22}},"loc":{"start":{"line":110,"column":85},"end":{"line":140,"column":null}},"line":110},"10":{"name":"(anonymous_10)","decl":{"start":{"line":142,"column":2},"end":{"line":142,"column":13}},"loc":{"start":{"line":142,"column":65},"end":{"line":146,"column":null}},"line":142},"11":{"name":"(anonymous_11)","decl":{"start":{"line":148,"column":2},"end":{"line":148,"column":18}},"loc":{"start":{"line":148,"column":46},"end":{"line":152,"column":null}},"line":148},"12":{"name":"(anonymous_12)","decl":{"start":{"line":154,"column":10},"end":{"line":154,"column":29}},"loc":{"start":{"line":154,"column":57},"end":{"line":158,"column":null}},"line":154},"13":{"name":"(anonymous_13)","decl":{"start":{"line":160,"column":10},"end":{"line":160,"column":25}},"loc":{"start":{"line":160,"column":58},"end":{"line":162,"column":null}},"line":160},"14":{"name":"(anonymous_14)","decl":{"start":{"line":161,"column":30},"end":{"line":161,"column":35}},"loc":{"start":{"line":161,"column":35},"end":{"line":161,"column":46}},"line":161},"15":{"name":"(anonymous_15)","decl":{"start":{"line":164,"column":2},"end":{"line":164,"column":9}},"loc":{"start":{"line":164,"column":68},"end":{"line":278,"column":null}},"line":164},"16":{"name":"(anonymous_16)","decl":{"start":{"line":280,"column":2},"end":{"line":280,"column":24}},"loc":{"start":{"line":280,"column":24},"end":{"line":282,"column":null}},"line":280},"17":{"name":"(anonymous_17)","decl":{"start":{"line":284,"column":2},"end":{"line":284,"column":34}},"loc":{"start":{"line":284,"column":34},"end":{"line":286,"column":null}},"line":284},"18":{"name":"(anonymous_18)","decl":{"start":{"line":288,"column":2},"end":{"line":288,"column":16}},"loc":{"start":{"line":288,"column":79},"end":{"line":318,"column":null}},"line":288},"19":{"name":"(anonymous_19)","decl":{"start":{"line":320,"column":2},"end":{"line":320,"column":16}},"loc":{"start":{"line":320,"column":16},"end":{"line":345,"column":null}},"line":320}},"branchMap":{"0":{"loc":{"start":{"line":73,"column":4},"end":{"line":76,"column":null}},"type":"if","locations":[{"start":{"line":73,"column":4},"end":{"line":76,"column":null}},{"start":{},"end":{}}],"line":73},"1":{"loc":{"start":{"line":79,"column":4},"end":{"line":82,"column":null}},"type":"if","locations":[{"start":{"line":79,"column":4},"end":{"line":82,"column":null}},{"start":{},"end":{}}],"line":79},"2":{"loc":{"start":{"line":85,"column":4},"end":{"line":87,"column":null}},"type":"if","locations":[{"start":{"line":85,"column":4},"end":{"line":87,"column":null}},{"start":{},"end":{}}],"line":85},"3":{"loc":{"start":{"line":113,"column":18},"end":{"line":113,"column":null}},"type":"cond-expr","locations":[{"start":{"line":113,"column":27},"end":{"line":113,"column":43}},{"start":{"line":113,"column":43},"end":{"line":113,"column":null}}],"line":113},"4":{"loc":{"start":{"line":124,"column":20},"end":{"line":124,"column":48}},"type":"cond-expr","locations":[{"start":{"line":124,"column":29},"end":{"line":124,"column":40}},{"start":{"line":124,"column":40},"end":{"line":124,"column":48}}],"line":124},"5":{"loc":{"start":{"line":129,"column":39},"end":{"line":129,"column":69}},"type":"cond-expr","locations":[{"start":{"line":129,"column":48},"end":{"line":129,"column":59}},{"start":{"line":129,"column":59},"end":{"line":129,"column":69}}],"line":129},"6":{"loc":{"start":{"line":132,"column":4},"end":{"line":139,"column":null}},"type":"if","locations":[{"start":{"line":132,"column":4},"end":{"line":139,"column":null}},{"start":{},"end":{}}],"line":132},"7":{"loc":{"start":{"line":142,"column":35},"end":{"line":142,"column":65}},"type":"default-arg","locations":[{"start":{"line":142,"column":55},"end":{"line":142,"column":65}}],"line":142},"8":{"loc":{"start":{"line":169,"column":6},"end":{"line":172,"column":null}},"type":"if","locations":[{"start":{"line":169,"column":6},"end":{"line":172,"column":null}},{"start":{},"end":{}}],"line":169},"9":{"loc":{"start":{"line":179,"column":6},"end":{"line":183,"column":null}},"type":"if","locations":[{"start":{"line":179,"column":6},"end":{"line":183,"column":null}},{"start":{},"end":{}}],"line":179},"10":{"loc":{"start":{"line":187,"column":6},"end":{"line":191,"column":null}},"type":"if","locations":[{"start":{"line":187,"column":6},"end":{"line":191,"column":null}},{"start":{},"end":{}}],"line":187},"11":{"loc":{"start":{"line":187,"column":10},"end":{"line":187,"column":74}},"type":"binary-expr","locations":[{"start":{"line":187,"column":10},"end":{"line":187,"column":32}},{"start":{"line":187,"column":32},"end":{"line":187,"column":74}}],"line":187},"12":{"loc":{"start":{"line":201,"column":6},"end":{"line":217,"column":null}},"type":"if","locations":[{"start":{"line":201,"column":6},"end":{"line":217,"column":null}},{"start":{},"end":{}}],"line":201},"13":{"loc":{"start":{"line":203,"column":8},"end":{"line":208,"column":null}},"type":"if","locations":[{"start":{"line":203,"column":8},"end":{"line":208,"column":null}},{"start":{},"end":{}}],"line":203},"14":{"loc":{"start":{"line":205,"column":10},"end":{"line":207,"column":null}},"type":"if","locations":[{"start":{"line":205,"column":10},"end":{"line":207,"column":null}},{"start":{},"end":{}}],"line":205},"15":{"loc":{"start":{"line":205,"column":14},"end":{"line":205,"column":49}},"type":"binary-expr","locations":[{"start":{"line":205,"column":14},"end":{"line":205,"column":25}},{"start":{"line":205,"column":25},"end":{"line":205,"column":49}}],"line":205},"16":{"loc":{"start":{"line":210,"column":8},"end":{"line":212,"column":null}},"type":"if","locations":[{"start":{"line":210,"column":8},"end":{"line":212,"column":null}},{"start":{},"end":{}}],"line":210},"17":{"loc":{"start":{"line":227,"column":6},"end":{"line":229,"column":null}},"type":"if","locations":[{"start":{"line":227,"column":6},"end":{"line":229,"column":null}},{"start":{},"end":{}}],"line":227},"18":{"loc":{"start":{"line":227,"column":10},"end":{"line":227,"column":55}},"type":"binary-expr","locations":[{"start":{"line":227,"column":10},"end":{"line":227,"column":34}},{"start":{"line":227,"column":34},"end":{"line":227,"column":55}}],"line":227},"19":{"loc":{"start":{"line":236,"column":6},"end":{"line":247,"column":null}},"type":"if","locations":[{"start":{"line":236,"column":6},"end":{"line":247,"column":null}},{"start":{},"end":{}}],"line":236},"20":{"loc":{"start":{"line":240,"column":8},"end":{"line":242,"column":null}},"type":"if","locations":[{"start":{"line":240,"column":8},"end":{"line":242,"column":null}},{"start":{},"end":{}}],"line":240},"21":{"loc":{"start":{"line":257,"column":6},"end":{"line":259,"column":null}},"type":"if","locations":[{"start":{"line":257,"column":6},"end":{"line":259,"column":null}},{"start":{},"end":{}}],"line":257},"22":{"loc":{"start":{"line":257,"column":10},"end":{"line":257,"column":55}},"type":"binary-expr","locations":[{"start":{"line":257,"column":10},"end":{"line":257,"column":34}},{"start":{"line":257,"column":34},"end":{"line":257,"column":55}}],"line":257},"23":{"loc":{"start":{"line":269,"column":6},"end":{"line":276,"column":null}},"type":"if","locations":[{"start":{"line":269,"column":6},"end":{"line":276,"column":null}},{"start":{},"end":{}}],"line":269},"24":{"loc":{"start":{"line":270,"column":8},"end":{"line":272,"column":null}},"type":"if","locations":[{"start":{"line":270,"column":8},"end":{"line":272,"column":null}},{"start":{},"end":{}}],"line":270},"25":{"loc":{"start":{"line":291,"column":6},"end":{"line":291,"column":null}},"type":"if","locations":[{"start":{"line":291,"column":6},"end":{"line":291,"column":null}},{"start":{},"end":{}}],"line":291},"26":{"loc":{"start":{"line":297,"column":6},"end":{"line":300,"column":null}},"type":"if","locations":[{"start":{"line":297,"column":6},"end":{"line":300,"column":null}},{"start":{},"end":{}}],"line":297},"27":{"loc":{"start":{"line":305,"column":6},"end":{"line":305,"column":null}},"type":"if","locations":[{"start":{"line":305,"column":6},"end":{"line":305,"column":null}},{"start":{},"end":{}}],"line":305},"28":{"loc":{"start":{"line":311,"column":6},"end":{"line":314,"column":null}},"type":"if","locations":[{"start":{"line":311,"column":6},"end":{"line":314,"column":null}},{"start":{},"end":{}}],"line":311}},"s":{"0":0,"1":0,"2":0,"3":0,"4":0,"5":0,"6":0,"7":0,"8":0,"9":0,"10":0,"11":0,"12":0,"13":0,"14":0,"15":0,"16":0,"17":0,"18":0,"19":0,"20":0,"21":0,"22":0,"23":0,"24":0,"25":0,"26":0,"27":0,"28":0,"29":0,"30":0,"31":0,"32":0,"33":0,"34":0,"35":0,"36":0,"37":0,"38":0,"39":0,"40":0,"41":0,"42":0,"43":0,"44":0,"45":0,"46":0,"47":0,"48":0,"49":0,"50":0,"51":0,"52":0,"53":0,"54":0,"55":0,"56":0,"57":0,"58":0,"59":0,"60":0,"61":0,"62":0,"63":0,"64":0,"65":0,"66":0,"67":0,"68":0,"69":0,"70":0,"71":0,"72":0,"73":0,"74":0,"75":0,"76":0,"77":0,"78":0,"79":0,"80":0,"81":0,"82":0,"83":0,"84":0,"85":0,"86":0,"87":0,"88":0,"89":0,"90":0,"91":0,"92":0,"93":0,"94":0,"95":0,"96":0,"97":0,"98":0,"99":0,"100":0,"101":0,"102":0,"103":0,"104":0,"105":0,"106":0,"107":0,"108":0,"109":0,"110":0,"111":0,"112":0,"113":0,"114":0,"115":0,"116":0,"117":0,"118":0,"119":0,"120":0,"121":0,"122":0,"123":0,"124":0,"125":0,"126":0,"127":0,"128":0,"129":0,"130":0,"131":0,"132":0,"133":0,"134":0,"135":0,"136":0,"137":0,"138":0,"139":0,"140":0,"141":0,"142":0,"143":0,"144":0,"145":0,"146":0,"147":0,"148":0,"149":0,"150":0,"151":0,"152":0,"153":
[...]
":61}},"loc":{"start":{"line":50,"column":61},"end":{"line":76,"column":null}},"line":50},"3":{"name":"(anonymous_3)","decl":{"start":{"line":78,"column":10},"end":{"line":78,"column":28}},"loc":{"start":{"line":78,"column":59},"end":{"line":82,"column":null}},"line":78},"4":{"name":"(anonymous_4)","decl":{"start":{"line":84,"column":10},"end":{"line":84,"column":21}},"loc":{"start":{"line":84,"column":69},"end":{"line":94,"column":null}},"line":84},"5":{"name":"(anonymous_5)","decl":{"start":{"line":96,"column":10},"end":{"line":96,"column":19}},"loc":{"start":{"line":96,"column":57},"end":{"line":115,"column":null}},"line":96},"6":{"name":"(anonymous_6)","decl":{"start":{"line":117,"column":9},"end":{"line":117,"column":17}},"loc":{"start":{"line":117,"column":52},"end":{"line":122,"column":null}},"line":117},"7":{"name":"(anonymous_7)","decl":{"start":{"line":124,"column":9},"end":{"line":124,"column":22}},"loc":{"start":{"line":124,"column":59},"end":{"line":128,"column":null}},"line":124},"8":{"name":"(anonymous_8)","decl":{"start":{"line":130,"column":9},"end":{"line":130,"column":20}},"loc":{"start":{"line":130,"column":67},"end":{"line":147,"column":null}},"line":130},"9":{"name":"(anonymous_9)","decl":{"start":{"line":149,"column":13},"end":{"line":149,"column":56}},"loc":{"start":{"line":149,"column":56},"end":{"line":151,"column":null}},"line":149},"10":{"name":"(anonymous_10)","decl":{"start":{"line":153,"column":9},"end":{"line":153,"column":26}},"loc":{"start":{"line":153,"column":65},"end":{"line":155,"column":null}},"line":153},"11":{"name":"(anonymous_11)","decl":{"start":{"line":157,"column":9},"end":{"line":157,"column":23}},"loc":{"start":{"line":157,"column":23},"end":{"line":172,"column":null}},"line":157},"12":{"name":"(anonymous_12)","decl":{"start":{"line":174,"column":9},"end":{"line":174,"column":24}},"loc":{"start":{"line":174,"column":24},"end":{"line":176,"column":null}},"line":174}},"branchMap":{"0":{"loc":{"start":{"line":37,"column":8},"end":{"line":40,"column":null}},"type":"if","locations":[{"start":{"line":37,"column":8},"end":{"line":40,"column":null}},{"start":{},"end":{}}],"line":37},"1":{"loc":{"start":{"line":56,"column":8},"end":{"line":56,"column":null}},"type":"if","locations":[{"start":{"line":56,"column":8},"end":{"line":56,"column":null}},{"start":{},"end":{}}],"line":56},"2":{"loc":{"start":{"line":63,"column":8},"end":{"line":65,"column":null}},"type":"if","locations":[{"start":{"line":63,"column":8},"end":{"line":65,"column":null}},{"start":{},"end":{}}],"line":63},"3":{"loc":{"start":{"line":70,"column":4},"end":{"line":72,"column":null}},"type":"if","locations":[{"start":{"line":70,"column":4},"end":{"line":72,"column":null}},{"start":{},"end":{}}],"line":70},"4":{"loc":{"start":{"line":81,"column":11},"end":{"line":81,"column":null}},"type":"binary-expr","locations":[{"start":{"line":81,"column":11},"end":{"line":81,"column":40}},{"start":{"line":81,"column":40},"end":{"line":81,"column":null}}],"line":81},"5":{"loc":{"start":{"line":97,"column":18},"end":{"line":97,"column":null}},"type":"binary-expr","locations":[{"start":{"line":97,"column":18},"end":{"line":97,"column":37}},{"start":{"line":97,"column":37},"end":{"line":97,"column":null}}],"line":97},"6":{"loc":{"start":{"line":118,"column":4},"end":{"line":120,"column":null}},"type":"if","locations":[{"start":{"line":118,"column":4},"end":{"line":120,"column":null}},{"start":{},"end":{}}],"line":118},"7":{"loc":{"start":{"line":118,"column":8},"end":{"line":118,"column":60}},"type":"binary-expr","locations":[{"start":{"line":118,"column":8},"end":{"line":118,"column":17}},{"start":{"line":118,"column":17},"end":{"line":118,"column":35}},{"start":{"line":118,"column":35},"end":{"line":118,"column":44}},{"start":{"line":118,"column":44},"end":{"line":118,"column":60}}],"line":118},"8":{"loc":{"start":{"line":126,"column":4},"end":{"line":126,"column":null}},"type":"if","locations":[{"start":{"line":126,"column":4},"end":{"line":126,"column":null}},{"start":{},"end":{}}],"line":126},"9":{"loc":{"start":{"line":127,"column":11},"end":{"line":127,"column":null}},"type":"binary-expr","locations":[{"start":{"line":127,"column":11},"end":{"line":127,"column":35}},{"start":{"line":127,"column":35},"end":{"line":127,"column":null}}],"line":127},"10":{"loc":{"start":{"line":132,"column":4},"end":{"line":132,"column":null}},"type":"if","locations":[{"start":{"line":132,"column":4},"end":{"line":132,"column":null}},{"start":{},"end":{}}],"line":132},"11":{"loc":{"start":{"line":136,"column":4},"end":{"line":146,"column":null}},"type":"if","locations":[{"start":{"line":136,"column":4},"end":{"line":146,"column":null}},{"start":{"line":142,"column":11},"end":{"line":146,"column":null}}],"line":136},"12":{"loc":{"start":{"line":154,"column":11},"end":{"line":154,"column":null}},"type":"binary-expr","locations":[{"start":{"line":154,"column":11},"end":{"line":154,"column":47}},{"start":{"line":154,"column":47},"end":{"line":154,"column":null}}],"line":154},"13":{"loc":{"start":{"line":162,"column":8},"end":{"line":165,"column":null}},"type":"if","locations":[{"start":{"line":162,"column":8},"end":{"line":165,"column":null}},{"start":{},"end":{}}],"line":162}},"s":{"0":0,"1":0,"2":0,"3":0,"4":0,"5":0,"6":0,"7":0,"8":0,"9":0,"10":0,"11":0,"12":0,"13":0,"14":0,"15":0,"16":0,"17":0,"18":0,"19":0,"20":0,"21":0,"22":0,"23":0,"24":0,"25":0,"26":0,"27":0,"28":0,"29":0,"30":0,"31":0,"32":0,"33":0,"34":0,"35":0,"36":0,"37":0,"38":0,"39":0,"40":0,"41":0,"42":0,"43":0,"44":0,"45":0,"46":0,"47":0,"48":0,"49":0,"50":0,"51":0,"52":0,"53":0,"54":0,"55":0,"56":0,"57":0,"58":0,"59":0,"60":0,"61":0,"62":0,"63":0,"64":0,"65":0,"66":0,"67":0,"68":0,"69":0,"70":0,"71":0,"72":0,"73":0,"74":0,"75":0,"76":0,"77":0,"78":0,"79":0,"80":0},"f":{"0":0,"1":0,"2":0,"3":0,"4":0,"5":0,"6":0,"7":0,"8":0,"9":0,"10":0,"11":0,"12":0},"b":{"0":[0,0],"1":[0,0],"2":[0,0],"3":[0,0],"4":[0,0],"5":[0,0],"6":[0,0],"7":[0,0,0,0],"8":[0,0],"9":[0,0],"10":[0,0],"11":[0,0],"12":[0,0],"13":[0,0]},"meta":{"lastBranch":14,"lastFunction":13,"lastStatement":81,"seen":{"s:21:54:21:Infinity":0,"f:23:2:23:16":0,"s:24:4:24:Infinity":1,"s:25:4:25:Infinity":2,"s:26:4:26:Infinity":3,"f:29:10:29:34":1,"s:31:4:31:Infinity":4,"s:33:4:47:Infinity":5,"s:33:17:33:20":6,"s:34:6:34:Infinity":7,"s:35:6:46:Infinity":8,"s:35:19:35:22":9,"b:37:8:40:Infinity:undefined:undefined:undefined:undefined":0,"s:37:8:40:Infinity":10,"s:38:10:38:Infinity":11,"s:39:10:39:Infinity":12,"s:43:19:43:Infinity":13,"s:44:21:44:Infinity":14,"s:45:8:45:Infinity":15,"f:50:10:50:61":2,"s:51:55:51:Infinity":16,"s:53:4:67:Infinity":17,"s:53:17:53:20":18,"s:54:6:66:Infinity":19,"s:54:19:54:22":20,"b:56:8:56:Infinity:undefined:undefined:undefined:undefined":1,"s:56:8:56:Infinity":21,"s:56:42:56:Infinity":22,"s:59:19:59:Infinity":23,"s:60:19:60:Infinity":24,"s:61:30:61:Infinity":25,"b:63:8:65:Infinity:undefined:undefined:undefined:undefined":2,"s:63:8:65:Infinity":26,"s:64:10:64:Infinity":27,"b:70:4:72:Infinity:undefined:undefined:undefined:undefined":3,"s:70:4:72:Infinity":28,"s:71:6:71:Infinity":29,"s:75:4:75:Infinity":30,"f:78:10:78:28":3,"s:79:15:79:Infinity":31,"s:80:15:80:Infinity":32,"s:81:4:81:Infinity":33,"b:81:11:81:40:81:40:81:Infinity":4,"f:84:10:84:21":4,"s:85:21:85:Infinity":34,"s:86:4:86:Infinity":35,"s:88:4:88:Infinity":36,"s:89:4:89:Infinity":37,"s:91:4:91:Infinity":38,"s:93:4:93:Infinity":39,"f:96:10:96:19":5,"s:97:18:97:Infinity":40,"b:97:18:97:37:97:37:97:Infinity":5,"s:98:20:98:Infinity":41,"s:100:4:100:Infinity":42,"s:103:4:103:Infinity":43,"s:104:4:104:Infinity":44,"s:107:4:107:Infinity":45,"s:108:4:108:Infinity":46,"s:111:4:111:Infinity":47,"s:112:4:112:Infinity":48,"s:113:4:113:Infinity":49,"s:114:4:114:Infinity":50,"f:117:9:117:17":6,"b:118:4:120:Infinity:undefined:undefined:undefined:undefined":6,"s:118:4:120:Infinity":51,"b:118:8:118:17:118:17:118:35:118:35:118:44:118:44:118:60":7,"s:119:6:119:Infinity":52,"s:121:4:121:Infinity":53,"f:124:9:124:22":7,"s:125:17:125:Infinity":54,"b:126:4:126:Infinity:undefined:undefined:undefined:undefined":8,"s:126:4:126:Infinity":55,"s:126:15:126:Infinity":56,"s:127:4:127:Infinity":57,"b:127:11:127:35:127:35:127:Infinity":9,"f:130:9:130:20":8,"s:131:17:131:Infinity":58,"b:132:4:132:Infinity:undefined:undefined:undefined:undefined":10,"s:132:4:132:Infinity":59,"s:132:15:132:Infinity":60,"s:134:4:134:Infinity":61,"b:136:4:146:Infinity:142:11:146:Infinity":11,"s:136:4:146:Infinity":62,"s:138:6:138:Infinity":63,"s:139:6:139:Infinity":64,"s:140:6:140:Infinity":65,"s:141:6:141:Infinity":66,"s:144:6:144:Infinity":67,"s:145:6:145:Infinity":68,"f:149:13:149:56":9,"s:150:4:150:Infinity":69,"f:153:9:153:26":10,"s:154:4:154:Infinity":70,"b:154:11:154:47:154:47:154:Infinity":12,"f:157:9:157:23":11,"s:159:4:167:Infinity":71,"s:159:17:159:20":72,"s:160:6:166:Infinity":73,"s:160:19:160:22":74,"s:161:21:161:Infinity":75,"b:162:8:165:Infinity:undefined:undefined:undefined:undefined":13,"s:162:8:165:Infinity":76,"s:163:10:163:Infinity":77,"s:164:10:164:Infinity":78,"s:168:4:168:Infinity":79,"s:171:4:171:Infinity":80,"f:174:9:174:24":12}}}
,"/Users/kenwatanabe/Projects/DeckBuildingDigDug/src/constants.ts": {"path":"/Users/kenwatanabe/Projects/DeckBuildingDigDug/src/constants.ts","statementMap":{"0":{"start":{"line":2,"column":28},"end":{"line":2,"column":null}},"1":{"start":{"line":3,"column":29},"end":{"line":3,"column":null}},"2":{"start":{"line":6,"column":25},"end":{"line":6,"column":null}},"3":{"start":{"line":7,"column":25},"end":{"line":7,"column":null}},"4":{"start":{"line":8,"column":25},"end":{"line":8,"column":null}},"5":{"start":{"line":11,"column":27},"end":{"line":11,"column":null}},"6":{"start":{"line":12,"column":28},"end":{"line":12,"column":null}},"7":{"start":{"line":15,"column":51},"end":{"line":19,"column":null}},"8":{"start":{"line":22,"column":37},"end":{"line":22,"column":null}},"9":{"start":{"line":23,"column":37},"end":{"line":23,"column":null}},"10":{"start":{"line":24,"column":35},"end":{"line":24,"column":null}},"11":{"start":{"line":27,"column":27},"end":{"line":27,"column":null}},"12":{"start":{"line":28,"column":28},"end":{"line":28,"column":null}},"13":{"start":{"line":29,"column":28},"end":{"line":29,"column":null}},"14":{"start":{"line":32,"column":28},"end":{"line":32,"column":null}},"15":{"start":{"line":33,"column":27},"end":{"line":33,"column":null}},"16":{"start":{"line":34,"column":28},"end":{"line":34,"column":null}},"17":{"start":{"line":35,"column":25},"end":{"line":35,"column":null}},"18":{"start":{"line":38,"column":30},"end":{"line":38,"column":null}},"19":{"start":{"line":39,"column":34},"end":{"line":39,"column":null}},"20":{"start":{"line":40,"column":34},"end":{"line":40,"column":null}},"21":{"start":{"line":41,"column":33},"end":{"line":41,"column":null}},"22":{"start":{"line":42,"column":33},"end":{"line":42,"column":null}},"23":{"start":{"line":43,"column":33},"end":{"line":43,"column":null}},"24":{"start":{"line":46,"column":29},"end":{"line":46,"column":null}},"25":{"start":{"line":47,"column":41},"end":{"line":47,"column":null}},"26":{"start":{"line":50,"column":26},"end":{"line":50,"column":null}},"27":{"start":{"line":51,"column":27},"end":{"line":51,"column":null}},"28":{"start":{"line":52,"column":24},"end":{"line":52,"column":null}},"29":{"start":{"line":53,"column":27},"end":{"line":53,"column":null}},"30":{"start":{"line":54,"column":28},"end":{"line":54,"column":null}},"31":{"start":{"line":55,"column":34},"end":{"line":55,"column":null}},"32":{"start":{"line":58,"column":30},"end":{"line":58,"column":null}},"33":{"start":{"line":59,"column":32},"end":{"line":59,"column":null}},"34":{"start":{"line":60,"column":35},"end":{"line":60,"column":null}},"35":{"start":{"line":61,"column":37},"end":{"line":61,"column":null}},"36":{"start":{"line":62,"column":28},"end":{"line":62,"column":null}},"37":{"start":{"line":63,"column":29},"end":{"line":63,"column":null}},"38":{"start":{"line":66,"column":24},"end":{"line":66,"column":null}},"39":{"start":{"line":67,"column":25},"end":{"line":67,"column":null}},"40":{"start":{"line":68,"column":33},"end":{"line":68,"column":null}},"41":{"start":{"line":69,"column":33},"end":{"line":69,"column":null}},"42":{"start":{"line":70,"column":33},"end":{"line":70,"column":null}},"43":{"start":{"line":71,"column":29},"end":{"line":71,"column":null}},"44":{"start":{"line":74,"column":28},"end":{"line":74,"column":null}},"45":{"start":{"line":75,"column":29},"end":{"line":75,"column":null}},"46":{"start":{"line":76,"column":26},"end":{"line":76,"column":null}},"47":{"start":{"line":79,"column":26},"end":{"line":79,"column":null}},"48":{"start":{"line":80,"column":33},"end":{"line":80,"column":null}},"49":{"start":{"line":81,"column":40},"end":{"line":81,"column":null}},"50":{"start":{"line":82,"column":34},"end":{"line":82,"column":null}},"51":{"start":{"line":85,"column":27},"end":{"line":85,"column":null}},"52":{"start":{"line":86,"column":28},"end":{"line":86,"column":null}},"53":{"start":{"line":87,"column":35},"end":{"line":87,"column":null}},"54":{"start":{"line":90,"column":32},"end":{"line":90,"column":null}},"55":{"start":{"line":91,"column":33},"end":{"line":91,"column":null}},"56":{"start":{"line":92,"column":40},"end":{"line":92,"column":null}},"57":{"start":{"line":93,"column":35},"end":{"line":93,"column":null}},"58":{"start":{"line":94,"column":41},"end":{"line":94,"column":null}},"59":{"start":{"line":97,"column":36},"end":{"line":97,"column":null}},"60":{"start":{"line":98,"column":39},"end":{"line":98,"column":null}},"61":{"start":{"line":99,"column":35},"end":{"line":99,"column":null}},"62":{"start":{"line":102,"column":35},"end":{"line":102,"column":null}},"63":{"start":{"line":105,"column":34},"end":{"line":105,"column":null}},"64":{"start":{"line":106,"column":31},"end":{"line":106,"column":null}},"65":{"start":{"line":109,"column":36},"end":{"line":109,"column":null}},"66":{"start":{"line":110,"column":36},"end":{"line":110,"column":null}},"67":{"start":{"line":111,"column":35},"end":{"line":111,"column":null}},"68":{"start":{"line":112,"column":34},"end":{"line":112,"column":null}},"69":{"start":{"line":113,"column":30},"end":{"line":113,"column":null}},"70":{"start":{"line":114,"column":40},"end":{"line":114,"column":null}},"71":{"start":{"line":115,"column":35},"end":{"line":115,"column":null}},"72":{"start":{"line":116,"column":35},"end":{"line":116,"column":null}},"73":{"start":{"line":117,"column":38},"end":{"line":117,"column":null}},"74":{"start":{"line":120,"column":44},"end":{"line":120,"column":null}},"75":{"start":{"line":123,"column":34},"end":{"line":123,"column":null}},"76":{"start":{"line":124,"column":35},"end":{"line":124,"column":null}},"77":{"start":{"line":125,"column":37},"end":{"line":125,"column":null}},"78":{"start":{"line":126,"column":27},"end":{"line":126,"column":null}},"79":{"start":{"line":129,"column":26},"end":{"line":129,"column":null}},"80":{"start":{"line":130,"column":27},"end":{"line":130,"column":null}},"81":{"start":{"line":131,"column":34},"end":{"line":131,"column":null}},"82":{"start":{"line":132,"column":34},"end":{"line":132,"column":null}}},"fnMap":{},"branchMap":{},"s":{"0":4,"1":4,"2":4,"3":4,"4":4,"5":4,"6":4,"7":4,"8":4,"9":4,"10":4,"11":4,"12":4,"13":4,"14":4,"15":4,"16":4,"17":4,"18":4,"19":4,"20":4,"21":4,"22":4,"23":4,"24":4,"25":4,"26":4,"27":4,"28":4,"29":4,"30":4,"31":4,"32":4,"33":4,"34":4,"35":4,"36":4,"37":4,"38":4,"39":4,"40":4,"41":4,"42":4,"43":4,"44":4,"45":4,"46":4,"47":4,"48":4,"49":4,"50":4,"51":4,"52":4,"53":4,"54":4,"55":4,"56":4,"57":4,"58":4,"59":4,"60":4,"61":4,"62":4,"63":4,"64":4,"65":4,"66":4,"67":4,"68":4,"69":4,"70":4,"71":4,"72":4,"73":4,"74":4,"75":4,"76":4,"77":4,"78":4,"79":4,"80":4,"81":4,"82":4},"f":{},"b":{},"meta":{"lastBranch":0,"lastFunction":0,"lastStatement":83,"seen":{"s:2:28:2:Infinity":0,"s:3:29:3:Infinity":1,"s:6:25:6:Infinity":2,"s:7:25:7:Infinity":3,"s:8:25:8:Infinity":4,"s:11:27:11:Infinity":5,"s:12:28:12:Infinity":6,"s:15:51:19:Infinity":7,"s:22:37:22:Infinity":8,"s:23:37:23:Infinity":9,"s:24:35:24:Infinity":10,"s:27:27:27:Infinity":11,"s:28:28:28:Infinity":12,"s:29:28:29:Infinity":13,"s:32:28:32:Infinity":14,"s:33:27:33:Infinity":15,"s:34:28:34:Infinity":16,"s:35:25:35:Infinity":17,"s:38:30:38:Infinity":18,"s:39:34:39:Infinity":19,"s:40:34:40:Infinity":20,"s:41:33:41:Infinity":21,"s:42:33:42:Infinity":22,"s:43:33:43:Infinity":23,"s:46:29:46:Infinity":24,"s:47:41:47:Infinity":25,"s:50:26:50:Infinity":26,"s:51:27:51:Infinity":27,"s:52:24:52:Infinity":28,"s:53:27:53:Infinity":29,"s:54:28:54:Infinity":30,"s:55:34:55:Infinity":31,"s:58:30:58:Infinity":32,"s:59:32:59:Infinity":33,"s:60:35:60:Infinity":34,"s:61:37:61:Infinity":35,"s:62:28:62:Infinity":36,"s:63:29:63:Infinity":37,"s:66:24:66:Infinity":38,"s:67:25:67:Infinity":39,"s:68:33:68:Infinity":40,"s:69:33:69:Infinity":41,"s:70:33:70:Infinity":42,"s:71:29:71:Infinity":43,"s:74:28:74:Infinity":44,"s:75:29:75:Infinity":45,"s:76:26:76:Infinity":46,"s:79:26:79:Infinity":47,"s:80:33:80:Infinity":48,"s:81:40:81:Infinity":49,"s:82:34:82:Infinity":50,"s:85:27:85:Infinity":51,"s:86:28:86:Infinity":52,"s:87:35:87:Infinity":53,"s:90:32:90:Infinity":54,"s:91:33:91:Infinity":55,"s:92:40:92:Infinity":56,"s:93:35:93:Infinity":57,"s:94:41:94:Infinity":58,"s:97:36:97:Infinity":59,"s:98:39:98:Infinity":60,"s:99:35:99:Infinity":61,"s:102:35:102:Infinity":62,"s:105:34:105:Infinity":63,"s:106:31:106:Infinity":64,"s:109:36:109:Infinity":65,"s:110:36:110:Infinity":66,"s:111:35:111:Infinity":67,"s:112:34:112:Infinity":68,"s:113:30:113:Infinity":69,"s:114:40:114:Infinity":70,"s:115:35:115:Infinity":71,"s:116:35:116:Infinity":72,"s:117:38:117:Infinity":73,"s:120:44:120:Infinity":74,"s:123:34:123:Infinity":75,"s:124:35:124:Infinity":76,"s:125:37:125:Infinity":77,"s:126:27:126:Infinity":78,"s:129:26:129:Infinity":79,"s:130:27:130:Infinity":80,"s:131:34:131:Infinity":81,"s:132:34:132:Infinity":82}}}
,"/Users/kenwatanabe/Projects/DeckBuildingDigDug/src/multiWayShotUtils.ts": {"path":"/Users/kenwatanabe/Projects/DeckBuildingDigDug/src/multiWayShotUtils.ts","statementMap":{"0":{"start":{"line":23,"column":2},"end":{"line":25,"column":null}},"1":{"start":{"line":24,"column":4},"end":{"line":24,"column":null}},"2":{"start":{"line":28,"column":20},"end":{"line":28,"column":null}},"3":{"start":{"line":29,"column":20},"end":{"line":29,"column":null}},"4":{"start":{"line":32,"column":40},"end":{"line":32,"column":null}},"5":{"start":{"line":34,"column":2},"end":{"line":48,"column":null}},"6":{"start":{"line":34,"column":15},"end":{"line":34,"column":18}},"7":{"start":{"line":39,"column":24},"end":{"line":39,"column":null}},"8":{"start":{"line":40,"column":24},"end":{"line":40,"column":null}},"9":{"start":{"line":42,"column":18},"end":{"line":42,"column":null}},"10":{"start":{"line":44,"column":4},"end":{"line":47,"column":null}},"11":{"start":{"line":50,"column":2},"end":{"line":50,"column":null}}},"fnMap":{"0":{"name":"calculateMultiWayShotDirections","decl":{"start":{"line":17,"column":16},"end":{"line":17,"column":null}},"loc":{"start":{"line":21,"column":21},"end":{"line":51,"column":null}},"line":21}},"branchMap":{"0":{"loc":{"start":{"line":23,"column":2},"end":{"line":25,"column":null}},"type":"if","locations":[{"start":{"line":23,"column":2},"end":{"line":25,"column":null}},{"start":{},"end":{}}],"line":23}},"s":{"0":12,"1":2,"2":10,"3":10,"4":10,"5":10,"6":10,"7":31,"8":31,"9":31,"10":31,"11":10},"f":{"0":12},"b":{"0":[2,10]},"meta":{"lastBranch":1,"lastFunction":1,"lastStatement":12,"seen":{"f:17:16:17:Infinity":0,"b:23:2:25:Infinity:undefined:undefined:undefined:undefined":0,"s:23:2:25:Infinity":0,"s:24:4:24:Infinity":1,"s:28:20:28:Infinity":2,"s:29:20:29:Infinity":3,"s:32:40:32:Infinity":4,"s:34:2:48:Infinity":5,"s:34:15:34:18":6,"s:39:24:39:Infinity":7,"s:40:24:40:Infinity":8,"s:42:18:42:Infinity":9,"s:44:4:47:Infinity":10,"s:50:2:50:Infinity":11}}}
}
